ERROR - 2023-11-10 19:37:15 --> mysqli_sql_exception: Unknown column 'Juegos.deleted_at' in 'where clause' in C:\Users\jj190\OneDrive\Escritorio\eneba2.0\system\Database\MySQLi\Connection.php:306
Stack trace:
#0 C:\Users\jj190\OneDrive\Escritorio\eneba2.0\system\Database\MySQLi\Connection.php(306): mysqli->query('SELECT *\nFROM `...', 0)
#1 C:\Users\jj190\OneDrive\Escritorio\eneba2.0\system\Database\BaseConnection.php(692): CodeIgniter\Database\MySQLi\Connection->execute('SELECT *\nFROM `...')
#2 C:\Users\jj190\OneDrive\Escritorio\eneba2.0\system\Database\BaseConnection.php(606): CodeIgniter\Database\BaseConnection->simpleQuery('SELECT *\nFROM `...')
#3 C:\Users\jj190\OneDrive\Escritorio\eneba2.0\system\Database\BaseBuilder.php(1615): CodeIgniter\Database\BaseConnection->query('SELECT *\nFROM `...', Array, false)
#4 C:\Users\jj190\OneDrive\Escritorio\eneba2.0\system\Model.php(237): CodeIgniter\Database\BaseBuilder->get()
#5 C:\Users\jj190\OneDrive\Escritorio\eneba2.0\system\BaseModel.php(624): CodeIgniter\Model->doFindAll(0, 0)
#6 C:\Users\jj190\OneDrive\Escritorio\eneba2.0\app\Controllers\Juego.php(16): CodeIgniter\BaseModel->findAll()
#7 C:\Users\jj190\OneDrive\Escritorio\eneba2.0\system\CodeIgniter.php(919): App\Controllers\Juego->mostrar()
#8 C:\Users\jj190\OneDrive\Escritorio\eneba2.0\system\CodeIgniter.php(494): CodeIgniter\CodeIgniter->runController(Object(App\Controllers\Juego))
#9 C:\Users\jj190\OneDrive\Escritorio\eneba2.0\system\CodeIgniter.php(353): CodeIgniter\CodeIgniter->handleRequest(NULL, Object(Config\Cache), false)
#10 C:\Users\jj190\OneDrive\Escritorio\eneba2.0\public\index.php(79): CodeIgniter\CodeIgniter->run()
#11 C:\Users\jj190\OneDrive\Escritorio\eneba2.0\system\Commands\Server\rewrite.php(47): require_once('C:\\Users\\jj190\\...')
#12 {main}
CRITICAL - 2023-11-10 19:37:15 --> Unknown column 'Juegos.deleted_at' in 'where clause'
in SYSTEMPATH\Database\BaseConnection.php on line 646.
 1 SYSTEMPATH\Database\BaseBuilder.php(1615): CodeIgniter\Database\BaseConnection->query('SELECT *
FROM `Juegos`
WHERE `Juegos`.`deleted_at` IS NULL', [], false)
 2 SYSTEMPATH\Model.php(237): CodeIgniter\Database\BaseBuilder->get()
 3 SYSTEMPATH\BaseModel.php(624): CodeIgniter\Model->doFindAll(0, 0)
 4 APPPATH\Controllers\Juego.php(16): CodeIgniter\BaseModel->findAll()
 5 SYSTEMPATH\CodeIgniter.php(919): App\Controllers\Juego->mostrar()
 6 SYSTEMPATH\CodeIgniter.php(494): CodeIgniter\CodeIgniter->runController(Object(App\Controllers\Juego))
 7 SYSTEMPATH\CodeIgniter.php(353): CodeIgniter\CodeIgniter->handleRequest(null, Object(Config\Cache), false)
 8 FCPATH\index.php(79): CodeIgniter\CodeIgniter->run()
 9 SYSTEMPATH\Commands\Server\rewrite.php(47): require_once('C:\\Users\\jj190\\OneDrive\\Escritorio\\eneba2.0\\public\\index.php')
CRITICAL - 2023-11-10 19:38:28 --> Invalid file: "Juego/Mostrar.php"
in SYSTEMPATH\Exceptions\FrameworkException.php on line 39.
 1 SYSTEMPATH\View\View.php(214): CodeIgniter\Exceptions\FrameworkException::forInvalidFile('Juego/Mostrar.php')
 2 SYSTEMPATH\Common.php(1188): CodeIgniter\View\View->render('Juego/Mostrar', [], true)
 3 APPPATH\Controllers\Juego.php(20): view('Juego/Mostrar', [...])
 4 SYSTEMPATH\CodeIgniter.php(919): App\Controllers\Juego->mostrar()
 5 SYSTEMPATH\CodeIgniter.php(494): CodeIgniter\CodeIgniter->runController(Object(App\Controllers\Juego))
 6 SYSTEMPATH\CodeIgniter.php(353): CodeIgniter\CodeIgniter->handleRequest(null, Object(Config\Cache), false)
 7 FCPATH\index.php(79): CodeIgniter\CodeIgniter->run()
 8 SYSTEMPATH\Commands\Server\rewrite.php(47): require_once('C:\\Users\\jj190\\OneDrive\\Escritorio\\eneba2.0\\public\\index.php')
CRITICAL - 2023-11-10 19:39:29 --> Invalid file: "Juego/Mostrar.php"
in SYSTEMPATH\Exceptions\FrameworkException.php on line 39.
 1 SYSTEMPATH\View\View.php(214): CodeIgniter\Exceptions\FrameworkException::forInvalidFile('Juego/Mostrar.php')
 2 SYSTEMPATH\Common.php(1188): CodeIgniter\View\View->render('Juego/Mostrar', [], true)
 3 APPPATH\Controllers\Juego.php(20): view('Juego/Mostrar', [...])
 4 SYSTEMPATH\CodeIgniter.php(919): App\Controllers\Juego->mostrar()
 5 SYSTEMPATH\CodeIgniter.php(494): CodeIgniter\CodeIgniter->runController(Object(App\Controllers\Juego))
 6 SYSTEMPATH\CodeIgniter.php(353): CodeIgniter\CodeIgniter->handleRequest(null, Object(Config\Cache), false)
 7 FCPATH\index.php(79): CodeIgniter\CodeIgniter->run()
 8 SYSTEMPATH\Commands\Server\rewrite.php(47): require_once('C:\\Users\\jj190\\OneDrive\\Escritorio\\eneba2.0\\public\\index.php')
CRITICAL - 2023-11-10 19:40:51 --> Invalid file: "Juego/agregar.php"
in SYSTEMPATH\Exceptions\FrameworkException.php on line 39.
 1 SYSTEMPATH\View\View.php(214): CodeIgniter\Exceptions\FrameworkException::forInvalidFile('Juego/agregar.php')
 2 SYSTEMPATH\Common.php(1188): CodeIgniter\View\View->render('Juego/agregar', [...], true)
 3 APPPATH\Controllers\Juego.php(45): view('Juego/agregar', [...], [...])
 4 SYSTEMPATH\CodeIgniter.php(919): App\Controllers\Juego->agregar()
 5 SYSTEMPATH\CodeIgniter.php(494): CodeIgniter\CodeIgniter->runController(Object(App\Controllers\Juego))
 6 SYSTEMPATH\CodeIgniter.php(353): CodeIgniter\CodeIgniter->handleRequest(null, Object(Config\Cache), false)
 7 FCPATH\index.php(79): CodeIgniter\CodeIgniter->run()
 8 SYSTEMPATH\Commands\Server\rewrite.php(47): require_once('C:\\Users\\jj190\\OneDrive\\Escritorio\\eneba2.0\\public\\index.php')
CRITICAL - 2023-11-10 19:41:51 --> Invalid file: "Juego/agregar.php"
in SYSTEMPATH\Exceptions\FrameworkException.php on line 39.
 1 SYSTEMPATH\View\View.php(214): CodeIgniter\Exceptions\FrameworkException::forInvalidFile('Juego/agregar.php')
 2 SYSTEMPATH\Common.php(1188): CodeIgniter\View\View->render('Juego/agregar', [...], true)
 3 APPPATH\Controllers\Juego.php(45): view('Juego/agregar', [...], [...])
 4 SYSTEMPATH\CodeIgniter.php(919): App\Controllers\Juego->agregar()
 5 SYSTEMPATH\CodeIgniter.php(494): CodeIgniter\CodeIgniter->runController(Object(App\Controllers\Juego))
 6 SYSTEMPATH\CodeIgniter.php(353): CodeIgniter\CodeIgniter->handleRequest(null, Object(Config\Cache), false)
 7 FCPATH\index.php(79): CodeIgniter\CodeIgniter->run()
 8 SYSTEMPATH\Commands\Server\rewrite.php(47): require_once('C:\\Users\\jj190\\OneDrive\\Escritorio\\eneba2.0\\public\\index.php')
CRITICAL - 2023-11-10 19:42:35 --> Invalid file: "Juego/agregar.php"
in SYSTEMPATH\Exceptions\FrameworkException.php on line 39.
 1 SYSTEMPATH\View\View.php(214): CodeIgniter\Exceptions\FrameworkException::forInvalidFile('Juego/agregar.php')
 2 SYSTEMPATH\Common.php(1188): CodeIgniter\View\View->render('Juego/agregar', [...], true)
 3 APPPATH\Controllers\Juego.php(45): view('Juego/agregar', [...], [...])
 4 SYSTEMPATH\CodeIgniter.php(919): App\Controllers\Juego->agregar()
 5 SYSTEMPATH\CodeIgniter.php(494): CodeIgniter\CodeIgniter->runController(Object(App\Controllers\Juego))
 6 SYSTEMPATH\CodeIgniter.php(353): CodeIgniter\CodeIgniter->handleRequest(null, Object(Config\Cache), false)
 7 FCPATH\index.php(79): CodeIgniter\CodeIgniter->run()
 8 SYSTEMPATH\Commands\Server\rewrite.php(47): require_once('C:\\Users\\jj190\\OneDrive\\Escritorio\\eneba2.0\\public\\index.php')
CRITICAL - 2023-11-10 19:44:28 --> Invalid file: "Juego/agregar.php"
in SYSTEMPATH\Exceptions\FrameworkException.php on line 39.
 1 SYSTEMPATH\View\View.php(214): CodeIgniter\Exceptions\FrameworkException::forInvalidFile('Juego/agregar.php')
 2 SYSTEMPATH\Common.php(1188): CodeIgniter\View\View->render('Juego/agregar', [...], true)
 3 APPPATH\Controllers\Juego.php(45): view('Juego/agregar', [...], [...])
 4 SYSTEMPATH\CodeIgniter.php(919): App\Controllers\Juego->agregar()
 5 SYSTEMPATH\CodeIgniter.php(494): CodeIgniter\CodeIgniter->runController(Object(App\Controllers\Juego))
 6 SYSTEMPATH\CodeIgniter.php(353): CodeIgniter\CodeIgniter->handleRequest(null, Object(Config\Cache), false)
 7 FCPATH\index.php(79): CodeIgniter\CodeIgniter->run()
 8 SYSTEMPATH\Commands\Server\rewrite.php(47): require_once('C:\\Users\\jj190\\OneDrive\\Escritorio\\eneba2.0\\public\\index.php')
CRITICAL - 2023-11-10 19:45:17 --> Invalid file: "Juego/agregar.php"
in SYSTEMPATH\Exceptions\FrameworkException.php on line 39.
 1 SYSTEMPATH\View\View.php(214): CodeIgniter\Exceptions\FrameworkException::forInvalidFile('Juego/agregar.php')
 2 SYSTEMPATH\Common.php(1188): CodeIgniter\View\View->render('Juego/agregar', [...], true)
 3 APPPATH\Controllers\Juego.php(45): view('Juego/agregar', [...], [...])
 4 SYSTEMPATH\CodeIgniter.php(919): App\Controllers\Juego->agregar()
 5 SYSTEMPATH\CodeIgniter.php(494): CodeIgniter\CodeIgniter->runController(Object(App\Controllers\Juego))
 6 SYSTEMPATH\CodeIgniter.php(353): CodeIgniter\CodeIgniter->handleRequest(null, Object(Config\Cache), false)
 7 FCPATH\index.php(79): CodeIgniter\CodeIgniter->run()
 8 SYSTEMPATH\Commands\Server\rewrite.php(47): require_once('C:\\Users\\jj190\\OneDrive\\Escritorio\\eneba2.0\\public\\index.php')
CRITICAL - 2023-11-10 19:48:43 --> Invalid file: "Juego/agregar.php"
in SYSTEMPATH\Exceptions\FrameworkException.php on line 39.
 1 SYSTEMPATH\View\View.php(214): CodeIgniter\Exceptions\FrameworkException::forInvalidFile('Juego/agregar.php')
 2 SYSTEMPATH\Common.php(1188): CodeIgniter\View\View->render('Juego/agregar', [...], true)
 3 APPPATH\Controllers\Juego.php(45): view('Juego/agregar', [...], [...])
 4 SYSTEMPATH\CodeIgniter.php(919): App\Controllers\Juego->agregar()
 5 SYSTEMPATH\CodeIgniter.php(494): CodeIgniter\CodeIgniter->runController(Object(App\Controllers\Juego))
 6 SYSTEMPATH\CodeIgniter.php(353): CodeIgniter\CodeIgniter->handleRequest(null, Object(Config\Cache), false)
 7 FCPATH\index.php(79): CodeIgniter\CodeIgniter->run()
 8 SYSTEMPATH\Commands\Server\rewrite.php(47): require_once('C:\\Users\\jj190\\OneDrive\\Escritorio\\eneba2.0\\public\\index.php')
CRITICAL - 2023-11-10 19:48:50 --> Invalid file: "Juego/Mostrar.php"
in SYSTEMPATH\Exceptions\FrameworkException.php on line 39.
 1 SYSTEMPATH\View\View.php(214): CodeIgniter\Exceptions\FrameworkException::forInvalidFile('Juego/Mostrar.php')
 2 SYSTEMPATH\Common.php(1188): CodeIgniter\View\View->render('Juego/Mostrar', [], true)
 3 APPPATH\Controllers\Juego.php(20): view('Juego/Mostrar', [...])
 4 SYSTEMPATH\CodeIgniter.php(919): App\Controllers\Juego->mostrar()
 5 SYSTEMPATH\CodeIgniter.php(494): CodeIgniter\CodeIgniter->runController(Object(App\Controllers\Juego))
 6 SYSTEMPATH\CodeIgniter.php(353): CodeIgniter\CodeIgniter->handleRequest(null, Object(Config\Cache), false)
 7 FCPATH\index.php(79): CodeIgniter\CodeIgniter->run()
 8 SYSTEMPATH\Commands\Server\rewrite.php(47): require_once('C:\\Users\\jj190\\OneDrive\\Escritorio\\eneba2.0\\public\\index.php')
CRITICAL - 2023-11-10 19:48:58 --> Invalid file: "Juego/agregar.php"
in SYSTEMPATH\Exceptions\FrameworkException.php on line 39.
 1 SYSTEMPATH\View\View.php(214): CodeIgniter\Exceptions\FrameworkException::forInvalidFile('Juego/agregar.php')
 2 SYSTEMPATH\Common.php(1188): CodeIgniter\View\View->render('Juego/agregar', [...], true)
 3 APPPATH\Controllers\Juego.php(45): view('Juego/agregar', [...], [...])
 4 SYSTEMPATH\CodeIgniter.php(919): App\Controllers\Juego->agregar()
 5 SYSTEMPATH\CodeIgniter.php(494): CodeIgniter\CodeIgniter->runController(Object(App\Controllers\Juego))
 6 SYSTEMPATH\CodeIgniter.php(353): CodeIgniter\CodeIgniter->handleRequest(null, Object(Config\Cache), false)
 7 FCPATH\index.php(79): CodeIgniter\CodeIgniter->run()
 8 SYSTEMPATH\Commands\Server\rewrite.php(47): require_once('C:\\Users\\jj190\\OneDrive\\Escritorio\\eneba2.0\\public\\index.php')
CRITICAL - 2023-11-10 19:52:29 --> Invalid file: "Juego/agregar.php"
in SYSTEMPATH\Exceptions\FrameworkException.php on line 39.
 1 SYSTEMPATH\View\View.php(214): CodeIgniter\Exceptions\FrameworkException::forInvalidFile('Juego/agregar.php')
 2 SYSTEMPATH\Common.php(1188): CodeIgniter\View\View->render('Juego/agregar', [...], true)
 3 APPPATH\Controllers\Juego.php(45): view('Juego/agregar', [...], [...])
 4 SYSTEMPATH\CodeIgniter.php(919): App\Controllers\Juego->agregar()
 5 SYSTEMPATH\CodeIgniter.php(494): CodeIgniter\CodeIgniter->runController(Object(App\Controllers\Juego))
 6 SYSTEMPATH\CodeIgniter.php(353): CodeIgniter\CodeIgniter->handleRequest(null, Object(Config\Cache), false)
 7 FCPATH\index.php(79): CodeIgniter\CodeIgniter->run()
 8 SYSTEMPATH\Commands\Server\rewrite.php(47): require_once('C:\\Users\\jj190\\OneDrive\\Escritorio\\eneba2.0\\public\\index.php')
CRITICAL - 2023-11-10 19:53:06 --> Invalid file: "Juego/agregar.php"
in SYSTEMPATH\Exceptions\FrameworkException.php on line 39.
 1 SYSTEMPATH\View\View.php(214): CodeIgniter\Exceptions\FrameworkException::forInvalidFile('Juego/agregar.php')
 2 SYSTEMPATH\Common.php(1188): CodeIgniter\View\View->render('Juego/agregar', [...], true)
 3 APPPATH\Controllers\Juego.php(45): view('Juego/agregar', [...], [...])
 4 SYSTEMPATH\CodeIgniter.php(919): App\Controllers\Juego->agregar()
 5 SYSTEMPATH\CodeIgniter.php(494): CodeIgniter\CodeIgniter->runController(Object(App\Controllers\Juego))
 6 SYSTEMPATH\CodeIgniter.php(353): CodeIgniter\CodeIgniter->handleRequest(null, Object(Config\Cache), false)
 7 FCPATH\index.php(79): CodeIgniter\CodeIgniter->run()
 8 SYSTEMPATH\Commands\Server\rewrite.php(47): require_once('C:\\Users\\jj190\\OneDrive\\Escritorio\\eneba2.0\\public\\index.php')
CRITICAL - 2023-11-10 19:54:31 --> Invalid file: "Juego/agregar.php"
in SYSTEMPATH\Exceptions\FrameworkException.php on line 39.
 1 SYSTEMPATH\View\View.php(214): CodeIgniter\Exceptions\FrameworkException::forInvalidFile('Juego/agregar.php')
 2 SYSTEMPATH\Common.php(1188): CodeIgniter\View\View->render('Juego/agregar', [...], true)
 3 APPPATH\Controllers\Juego.php(45): view('Juego/agregar', [...], [...])
 4 SYSTEMPATH\CodeIgniter.php(919): App\Controllers\Juego->agregar()
 5 SYSTEMPATH\CodeIgniter.php(494): CodeIgniter\CodeIgniter->runController(Object(App\Controllers\Juego))
 6 SYSTEMPATH\CodeIgniter.php(353): CodeIgniter\CodeIgniter->handleRequest(null, Object(Config\Cache), false)
 7 FCPATH\index.php(79): CodeIgniter\CodeIgniter->run()
 8 SYSTEMPATH\Commands\Server\rewrite.php(47): require_once('C:\\Users\\jj190\\OneDrive\\Escritorio\\eneba2.0\\public\\index.php')
CRITICAL - 2023-11-10 19:55:18 --> Invalid file: "Juego/agregar.php"
in SYSTEMPATH\Exceptions\FrameworkException.php on line 39.
 1 SYSTEMPATH\View\View.php(214): CodeIgniter\Exceptions\FrameworkException::forInvalidFile('Juego/agregar.php')
 2 SYSTEMPATH\Common.php(1188): CodeIgniter\View\View->render('Juego/agregar', [...], true)
 3 APPPATH\Controllers\Juego.php(45): view('Juego/agregar', [...], [...])
 4 SYSTEMPATH\CodeIgniter.php(919): App\Controllers\Juego->agregar()
 5 SYSTEMPATH\CodeIgniter.php(494): CodeIgniter\CodeIgniter->runController(Object(App\Controllers\Juego))
 6 SYSTEMPATH\CodeIgniter.php(353): CodeIgniter\CodeIgniter->handleRequest(null, Object(Config\Cache), false)
 7 FCPATH\index.php(79): CodeIgniter\CodeIgniter->run()
 8 SYSTEMPATH\Commands\Server\rewrite.php(47): require_once('C:\\Users\\jj190\\OneDrive\\Escritorio\\eneba2.0\\public\\index.php')
CRITICAL - 2023-11-10 19:57:11 --> Invalid file: "Juego/agregar.php"
in SYSTEMPATH\Exceptions\FrameworkException.php on line 39.
 1 SYSTEMPATH\View\View.php(214): CodeIgniter\Exceptions\FrameworkException::forInvalidFile('Juego/agregar.php')
 2 SYSTEMPATH\Common.php(1188): CodeIgniter\View\View->render('Juego/agregar', [...], true)
 3 APPPATH\Controllers\Juego.php(45): view('Juego/agregar', [...], [...])
 4 SYSTEMPATH\CodeIgniter.php(919): App\Controllers\Juego->agregar()
 5 SYSTEMPATH\CodeIgniter.php(494): CodeIgniter\CodeIgniter->runController(Object(App\Controllers\Juego))
 6 SYSTEMPATH\CodeIgniter.php(353): CodeIgniter\CodeIgniter->handleRequest(null, Object(Config\Cache), false)
 7 FCPATH\index.php(79): CodeIgniter\CodeIgniter->run()
 8 SYSTEMPATH\Commands\Server\rewrite.php(47): require_once('C:\\Users\\jj190\\OneDrive\\Escritorio\\eneba2.0\\public\\index.php')
CRITICAL - 2023-11-10 19:58:54 --> Invalid file: "Juego/agregar.php"
in SYSTEMPATH\Exceptions\FrameworkException.php on line 39.
 1 SYSTEMPATH\View\View.php(214): CodeIgniter\Exceptions\FrameworkException::forInvalidFile('Juego/agregar.php')
 2 SYSTEMPATH\Common.php(1188): CodeIgniter\View\View->render('Juego/agregar', [...], true)
 3 APPPATH\Controllers\Juego.php(45): view('Juego/agregar', [...], [...])
 4 SYSTEMPATH\CodeIgniter.php(919): App\Controllers\Juego->agregar()
 5 SYSTEMPATH\CodeIgniter.php(494): CodeIgniter\CodeIgniter->runController(Object(App\Controllers\Juego))
 6 SYSTEMPATH\CodeIgniter.php(353): CodeIgniter\CodeIgniter->handleRequest(null, Object(Config\Cache), false)
 7 FCPATH\index.php(79): CodeIgniter\CodeIgniter->run()
 8 SYSTEMPATH\Commands\Server\rewrite.php(47): require_once('C:\\Users\\jj190\\OneDrive\\Escritorio\\eneba2.0\\public\\index.php')
