INFO - 2023-12-08 04:19:07 --> Session: Class initialized using 'CodeIgniter\Session\Handlers\FileHandler' driver.
INFO - 2023-12-08 04:19:18 --> Session: Class initialized using 'CodeIgniter\Session\Handlers\FileHandler' driver.
INFO - 2023-12-08 05:18:38 --> Session: Class initialized using 'CodeIgniter\Session\Handlers\FileHandler' driver.
CRITICAL - 2023-12-08 05:18:39 --> Undefined variable $Juego
in APPPATH\Views\Ventas\mostrar.php on line 31.
 1 APPPATH\Views\Ventas\mostrar.php(31): CodeIgniter\Debug\Exceptions->errorHandler(2, 'Undefined variable $Juego', 'C:\\Users\\jj190\\OneDrive\\Escritorio\\eneba2.0\\app\\Views\\Ventas\\mostrar.php', 31)
 2 SYSTEMPATH\View\View.php(226): include('C:\\Users\\jj190\\OneDrive\\Escritorio\\eneba2.0\\app\\Views\\Ventas\\mostrar.php')
 3 SYSTEMPATH\View\View.php(229): CodeIgniter\View\View->CodeIgniter\View\{closure}()
 4 SYSTEMPATH\Common.php(1188): CodeIgniter\View\View->render('Ventas/mostrar', [], true)
 5 APPPATH\Controllers\Venta.php(25): view('Ventas/mostrar', [...])
 6 SYSTEMPATH\CodeIgniter.php(919): App\Controllers\Venta->mostrar()
 7 SYSTEMPATH\CodeIgniter.php(494): CodeIgniter\CodeIgniter->runController(Object(App\Controllers\Venta))
 8 SYSTEMPATH\CodeIgniter.php(353): CodeIgniter\CodeIgniter->handleRequest(null, Object(Config\Cache), false)
 9 FCPATH\index.php(79): CodeIgniter\CodeIgniter->run()
10 SYSTEMPATH\Commands\Server\rewrite.php(47): require_once('C:\\Users\\jj190\\OneDrive\\Escritorio\\eneba2.0\\public\\index.php')
INFO - 2023-12-08 05:24:52 --> Session: Class initialized using 'CodeIgniter\Session\Handlers\FileHandler' driver.
CRITICAL - 2023-12-08 09:11:19 --> Invalid file: "common/clientex.php"
in SYSTEMPATH\Exceptions\FrameworkException.php on line 39.
 1 SYSTEMPATH\View\View.php(214): CodeIgniter\Exceptions\FrameworkException::forInvalidFile('common/clientex.php')
 2 SYSTEMPATH\Common.php(1188): CodeIgniter\View\View->render('common/clientex', [], true)
 3 APPPATH\Controllers\Juego.php(171): view('common/clientex')
 4 SYSTEMPATH\CodeIgniter.php(919): App\Controllers\Juego->buscar1()
 5 SYSTEMPATH\CodeIgniter.php(494): CodeIgniter\CodeIgniter->runController(Object(App\Controllers\Juego))
 6 SYSTEMPATH\CodeIgniter.php(353): CodeIgniter\CodeIgniter->handleRequest(null, Object(Config\Cache), false)
 7 FCPATH\index.php(79): CodeIgniter\CodeIgniter->run()
 8 SYSTEMPATH\Commands\Server\rewrite.php(47): require_once('C:\\Users\\jj190\\OneDrive\\Escritorio\\eneba2.0\\public\\index.php')
CRITICAL - 2023-12-08 09:14:47 --> Invalid file: "common/clientex.php"
in SYSTEMPATH\Exceptions\FrameworkException.php on line 39.
 1 SYSTEMPATH\View\View.php(214): CodeIgniter\Exceptions\FrameworkException::forInvalidFile('common/clientex.php')
 2 SYSTEMPATH\Common.php(1188): CodeIgniter\View\View->render('common/clientex', [], true)
 3 APPPATH\Controllers\Juego.php(171): view('common/clientex')
 4 SYSTEMPATH\CodeIgniter.php(919): App\Controllers\Juego->buscar1()
 5 SYSTEMPATH\CodeIgniter.php(494): CodeIgniter\CodeIgniter->runController(Object(App\Controllers\Juego))
 6 SYSTEMPATH\CodeIgniter.php(353): CodeIgniter\CodeIgniter->handleRequest(null, Object(Config\Cache), false)
 7 FCPATH\index.php(79): CodeIgniter\CodeIgniter->run()
 8 SYSTEMPATH\Commands\Server\rewrite.php(47): require_once('C:\\Users\\jj190\\OneDrive\\Escritorio\\eneba2.0\\public\\index.php')
INFO - 2023-12-08 10:11:52 --> Session: Class initialized using 'CodeIgniter\Session\Handlers\FileHandler' driver.
INFO - 2023-12-08 10:11:52 --> Session: Class initialized using 'CodeIgniter\Session\Handlers\FileHandler' driver.
INFO - 2023-12-08 10:12:08 --> Session: Class initialized using 'CodeIgniter\Session\Handlers\FileHandler' driver.
INFO - 2023-12-08 10:13:12 --> Session: Class initialized using 'CodeIgniter\Session\Handlers\FileHandler' driver.
CRITICAL - 2023-12-08 12:42:55 --> Array callback must have exactly two elements
in APPPATH\Controllers\Resenas.php on line 88.
 1 SYSTEMPATH\CodeIgniter.php(919): App\Controllers\Resenas->insert()
 2 SYSTEMPATH\CodeIgniter.php(494): CodeIgniter\CodeIgniter->runController(Object(App\Controllers\Resenas))
 3 SYSTEMPATH\CodeIgniter.php(353): CodeIgniter\CodeIgniter->handleRequest(null, Object(Config\Cache), false)
 4 FCPATH\index.php(79): CodeIgniter\CodeIgniter->run()
 5 SYSTEMPATH\Commands\Server\rewrite.php(47): require_once('C:\\Users\\jj190\\OneDrive\\Escritorio\\eneba2.0\\public\\index.php')
CRITICAL - 2023-12-08 12:44:09 --> Array callback must have exactly two elements
in APPPATH\Controllers\Resenas.php on line 88.
 1 SYSTEMPATH\CodeIgniter.php(919): App\Controllers\Resenas->insert()
 2 SYSTEMPATH\CodeIgniter.php(494): CodeIgniter\CodeIgniter->runController(Object(App\Controllers\Resenas))
 3 SYSTEMPATH\CodeIgniter.php(353): CodeIgniter\CodeIgniter->handleRequest(null, Object(Config\Cache), false)
 4 FCPATH\index.php(79): CodeIgniter\CodeIgniter->run()
 5 SYSTEMPATH\Commands\Server\rewrite.php(47): require_once('C:\\Users\\jj190\\OneDrive\\Escritorio\\eneba2.0\\public\\index.php')
CRITICAL - 2023-12-08 12:44:57 --> Array callback must have exactly two elements
in APPPATH\Controllers\Resenas.php on line 88.
 1 SYSTEMPATH\CodeIgniter.php(919): App\Controllers\Resenas->insert()
 2 SYSTEMPATH\CodeIgniter.php(494): CodeIgniter\CodeIgniter->runController(Object(App\Controllers\Resenas))
 3 SYSTEMPATH\CodeIgniter.php(353): CodeIgniter\CodeIgniter->handleRequest(null, Object(Config\Cache), false)
 4 FCPATH\index.php(79): CodeIgniter\CodeIgniter->run()
 5 SYSTEMPATH\Commands\Server\rewrite.php(47): require_once('C:\\Users\\jj190\\OneDrive\\Escritorio\\eneba2.0\\public\\index.php')
CRITICAL - 2023-12-08 12:45:18 --> Array callback must have exactly two elements
in APPPATH\Controllers\Resenas.php on line 88.
 1 SYSTEMPATH\CodeIgniter.php(919): App\Controllers\Resenas->insert()
 2 SYSTEMPATH\CodeIgniter.php(494): CodeIgniter\CodeIgniter->runController(Object(App\Controllers\Resenas))
 3 SYSTEMPATH\CodeIgniter.php(353): CodeIgniter\CodeIgniter->handleRequest(null, Object(Config\Cache), false)
 4 FCPATH\index.php(79): CodeIgniter\CodeIgniter->run()
 5 SYSTEMPATH\Commands\Server\rewrite.php(47): require_once('C:\\Users\\jj190\\OneDrive\\Escritorio\\eneba2.0\\public\\index.php')
CRITICAL - 2023-12-08 12:46:18 --> syntax error, unexpected token ",", expecting ";"
in APPPATH\Controllers\Resenas.php on line 98.
 1 SYSTEMPATH\Autoloader\Autoloader.php(285): CodeIgniter\Autoloader\Autoloader->includeFile('C:\\Users\\jj190\\OneDrive\\Escritorio\\eneba2.0\\app\\Controllers\\Resenas.php')
 2 SYSTEMPATH\Autoloader\Autoloader.php(263): CodeIgniter\Autoloader\Autoloader->loadInNamespace('App\\Controllers\\Resenas')
 3 [internal function]: CodeIgniter\Autoloader\Autoloader->loadClass('App\\Controllers\\Resenas')
 4 SYSTEMPATH\CodeIgniter.php(877): class_exists('\\App\\Controllers\\Resenas', true)
 5 SYSTEMPATH\CodeIgniter.php(481): CodeIgniter\CodeIgniter->startController()
 6 SYSTEMPATH\CodeIgniter.php(353): CodeIgniter\CodeIgniter->handleRequest(null, Object(Config\Cache), false)
 7 FCPATH\index.php(79): CodeIgniter\CodeIgniter->run()
 8 SYSTEMPATH\Commands\Server\rewrite.php(47): require_once('C:\\Users\\jj190\\OneDrive\\Escritorio\\eneba2.0\\public\\index.php')
CRITICAL - 2023-12-08 12:46:29 --> Array callback must have exactly two elements
in APPPATH\Controllers\Resenas.php on line 88.
 1 SYSTEMPATH\CodeIgniter.php(919): App\Controllers\Resenas->insert()
 2 SYSTEMPATH\CodeIgniter.php(494): CodeIgniter\CodeIgniter->runController(Object(App\Controllers\Resenas))
 3 SYSTEMPATH\CodeIgniter.php(353): CodeIgniter\CodeIgniter->handleRequest(null, Object(Config\Cache), false)
 4 FCPATH\index.php(79): CodeIgniter\CodeIgniter->run()
 5 SYSTEMPATH\Commands\Server\rewrite.php(47): require_once('C:\\Users\\jj190\\OneDrive\\Escritorio\\eneba2.0\\public\\index.php')
CRITICAL - 2023-12-08 12:47:01 --> Array callback must have exactly two elements
in APPPATH\Controllers\Resenas.php on line 88.
 1 SYSTEMPATH\CodeIgniter.php(919): App\Controllers\Resenas->insert()
 2 SYSTEMPATH\CodeIgniter.php(494): CodeIgniter\CodeIgniter->runController(Object(App\Controllers\Resenas))
 3 SYSTEMPATH\CodeIgniter.php(353): CodeIgniter\CodeIgniter->handleRequest(null, Object(Config\Cache), false)
 4 FCPATH\index.php(79): CodeIgniter\CodeIgniter->run()
 5 SYSTEMPATH\Commands\Server\rewrite.php(47): require_once('C:\\Users\\jj190\\OneDrive\\Escritorio\\eneba2.0\\public\\index.php')
CRITICAL - 2023-12-08 12:49:12 --> Undefined array key "nombre"
in APPPATH\Controllers\Resenas.php on line 88.
 1 APPPATH\Controllers\Resenas.php(88): CodeIgniter\Debug\Exceptions->errorHandler(2, 'Undefined array key "nombre"', 'C:\\Users\\jj190\\OneDrive\\Escritorio\\eneba2.0\\app\\Controllers\\Resenas.php', 88)
 2 SYSTEMPATH\CodeIgniter.php(919): App\Controllers\Resenas->insert()
 3 SYSTEMPATH\CodeIgniter.php(494): CodeIgniter\CodeIgniter->runController(Object(App\Controllers\Resenas))
 4 SYSTEMPATH\CodeIgniter.php(353): CodeIgniter\CodeIgniter->handleRequest(null, Object(Config\Cache), false)
 5 FCPATH\index.php(79): CodeIgniter\CodeIgniter->run()
 6 SYSTEMPATH\Commands\Server\rewrite.php(47): require_once('C:\\Users\\jj190\\OneDrive\\Escritorio\\eneba2.0\\public\\index.php')
CRITICAL - 2023-12-08 12:49:14 --> Undefined array key "nombre"
in APPPATH\Controllers\Resenas.php on line 88.
 1 APPPATH\Controllers\Resenas.php(88): CodeIgniter\Debug\Exceptions->errorHandler(2, 'Undefined array key "nombre"', 'C:\\Users\\jj190\\OneDrive\\Escritorio\\eneba2.0\\app\\Controllers\\Resenas.php', 88)
 2 SYSTEMPATH\CodeIgniter.php(919): App\Controllers\Resenas->insert()
 3 SYSTEMPATH\CodeIgniter.php(494): CodeIgniter\CodeIgniter->runController(Object(App\Controllers\Resenas))
 4 SYSTEMPATH\CodeIgniter.php(353): CodeIgniter\CodeIgniter->handleRequest(null, Object(Config\Cache), false)
 5 FCPATH\index.php(79): CodeIgniter\CodeIgniter->run()
 6 SYSTEMPATH\Commands\Server\rewrite.php(47): require_once('C:\\Users\\jj190\\OneDrive\\Escritorio\\eneba2.0\\public\\index.php')
CRITICAL - 2023-12-08 12:50:19 --> Undefined array key "nombre"
in APPPATH\Controllers\Resenas.php on line 88.
 1 APPPATH\Controllers\Resenas.php(88): CodeIgniter\Debug\Exceptions->errorHandler(2, 'Undefined array key "nombre"', 'C:\\Users\\jj190\\OneDrive\\Escritorio\\eneba2.0\\app\\Controllers\\Resenas.php', 88)
 2 SYSTEMPATH\CodeIgniter.php(919): App\Controllers\Resenas->insert()
 3 SYSTEMPATH\CodeIgniter.php(494): CodeIgniter\CodeIgniter->runController(Object(App\Controllers\Resenas))
 4 SYSTEMPATH\CodeIgniter.php(353): CodeIgniter\CodeIgniter->handleRequest(null, Object(Config\Cache), false)
 5 FCPATH\index.php(79): CodeIgniter\CodeIgniter->run()
 6 SYSTEMPATH\Commands\Server\rewrite.php(47): require_once('C:\\Users\\jj190\\OneDrive\\Escritorio\\eneba2.0\\public\\index.php')
CRITICAL - 2023-12-08 12:50:45 --> Undefined array key "nombre"
in APPPATH\Controllers\Resenas.php on line 88.
 1 APPPATH\Controllers\Resenas.php(88): CodeIgniter\Debug\Exceptions->errorHandler(2, 'Undefined array key "nombre"', 'C:\\Users\\jj190\\OneDrive\\Escritorio\\eneba2.0\\app\\Controllers\\Resenas.php', 88)
 2 SYSTEMPATH\CodeIgniter.php(919): App\Controllers\Resenas->insert()
 3 SYSTEMPATH\CodeIgniter.php(494): CodeIgniter\CodeIgniter->runController(Object(App\Controllers\Resenas))
 4 SYSTEMPATH\CodeIgniter.php(353): CodeIgniter\CodeIgniter->handleRequest(null, Object(Config\Cache), false)
 5 FCPATH\index.php(79): CodeIgniter\CodeIgniter->run()
 6 SYSTEMPATH\Commands\Server\rewrite.php(47): require_once('C:\\Users\\jj190\\OneDrive\\Escritorio\\eneba2.0\\public\\index.php')
CRITICAL - 2023-12-08 12:51:02 --> Undefined array key "nombre"
in APPPATH\Controllers\Resenas.php on line 88.
 1 APPPATH\Controllers\Resenas.php(88): CodeIgniter\Debug\Exceptions->errorHandler(2, 'Undefined array key "nombre"', 'C:\\Users\\jj190\\OneDrive\\Escritorio\\eneba2.0\\app\\Controllers\\Resenas.php', 88)
 2 SYSTEMPATH\CodeIgniter.php(919): App\Controllers\Resenas->insert()
 3 SYSTEMPATH\CodeIgniter.php(494): CodeIgniter\CodeIgniter->runController(Object(App\Controllers\Resenas))
 4 SYSTEMPATH\CodeIgniter.php(353): CodeIgniter\CodeIgniter->handleRequest(null, Object(Config\Cache), false)
 5 FCPATH\index.php(79): CodeIgniter\CodeIgniter->run()
 6 SYSTEMPATH\Commands\Server\rewrite.php(47): require_once('C:\\Users\\jj190\\OneDrive\\Escritorio\\eneba2.0\\public\\index.php')
CRITICAL - 2023-12-08 12:53:41 --> Undefined array key "nombre"
in APPPATH\Controllers\Resenas.php on line 88.
 1 APPPATH\Controllers\Resenas.php(88): CodeIgniter\Debug\Exceptions->errorHandler(2, 'Undefined array key "nombre"', 'C:\\Users\\jj190\\OneDrive\\Escritorio\\eneba2.0\\app\\Controllers\\Resenas.php', 88)
 2 SYSTEMPATH\CodeIgniter.php(919): App\Controllers\Resenas->insert()
 3 SYSTEMPATH\CodeIgniter.php(494): CodeIgniter\CodeIgniter->runController(Object(App\Controllers\Resenas))
 4 SYSTEMPATH\CodeIgniter.php(353): CodeIgniter\CodeIgniter->handleRequest(null, Object(Config\Cache), false)
 5 FCPATH\index.php(79): CodeIgniter\CodeIgniter->run()
 6 SYSTEMPATH\Commands\Server\rewrite.php(47): require_once('C:\\Users\\jj190\\OneDrive\\Escritorio\\eneba2.0\\public\\index.php')
CRITICAL - 2023-12-08 12:53:57 --> Undefined array key "nombre"
in APPPATH\Controllers\Resenas.php on line 88.
 1 APPPATH\Controllers\Resenas.php(88): CodeIgniter\Debug\Exceptions->errorHandler(2, 'Undefined array key "nombre"', 'C:\\Users\\jj190\\OneDrive\\Escritorio\\eneba2.0\\app\\Controllers\\Resenas.php', 88)
 2 SYSTEMPATH\CodeIgniter.php(919): App\Controllers\Resenas->insert()
 3 SYSTEMPATH\CodeIgniter.php(494): CodeIgniter\CodeIgniter->runController(Object(App\Controllers\Resenas))
 4 SYSTEMPATH\CodeIgniter.php(353): CodeIgniter\CodeIgniter->handleRequest(null, Object(Config\Cache), false)
 5 FCPATH\index.php(79): CodeIgniter\CodeIgniter->run()
 6 SYSTEMPATH\Commands\Server\rewrite.php(47): require_once('C:\\Users\\jj190\\OneDrive\\Escritorio\\eneba2.0\\public\\index.php')
CRITICAL - 2023-12-08 12:55:10 --> Undefined array key "nombre"
in APPPATH\Controllers\Resenas.php on line 88.
 1 APPPATH\Controllers\Resenas.php(88): CodeIgniter\Debug\Exceptions->errorHandler(2, 'Undefined array key "nombre"', 'C:\\Users\\jj190\\OneDrive\\Escritorio\\eneba2.0\\app\\Controllers\\Resenas.php', 88)
 2 SYSTEMPATH\CodeIgniter.php(919): App\Controllers\Resenas->insert()
 3 SYSTEMPATH\CodeIgniter.php(494): CodeIgniter\CodeIgniter->runController(Object(App\Controllers\Resenas))
 4 SYSTEMPATH\CodeIgniter.php(353): CodeIgniter\CodeIgniter->handleRequest(null, Object(Config\Cache), false)
 5 FCPATH\index.php(79): CodeIgniter\CodeIgniter->run()
 6 SYSTEMPATH\Commands\Server\rewrite.php(47): require_once('C:\\Users\\jj190\\OneDrive\\Escritorio\\eneba2.0\\public\\index.php')
CRITICAL - 2023-12-08 13:00:34 --> Call to undefined method App\Models\juegoModel::insert1
in SYSTEMPATH\Model.php on line 873.
 1 APPPATH\Controllers\Resenas.php(113): CodeIgniter\Model->__call('insert1', [...])
 2 SYSTEMPATH\CodeIgniter.php(919): App\Controllers\Resenas->insert1()
 3 SYSTEMPATH\CodeIgniter.php(494): CodeIgniter\CodeIgniter->runController(Object(App\Controllers\Resenas))
 4 SYSTEMPATH\CodeIgniter.php(353): CodeIgniter\CodeIgniter->handleRequest(null, Object(Config\Cache), false)
 5 FCPATH\index.php(79): CodeIgniter\CodeIgniter->run()
 6 SYSTEMPATH\Commands\Server\rewrite.php(47): require_once('C:\\Users\\jj190\\OneDrive\\Escritorio\\eneba2.0\\public\\index.php')
CRITICAL - 2023-12-08 13:00:54 --> Call to undefined method App\Models\juegoModel::insert1
in SYSTEMPATH\Model.php on line 873.
 1 APPPATH\Controllers\Resenas.php(113): CodeIgniter\Model->__call('insert1', [...])
 2 SYSTEMPATH\CodeIgniter.php(919): App\Controllers\Resenas->insert1()
 3 SYSTEMPATH\CodeIgniter.php(494): CodeIgniter\CodeIgniter->runController(Object(App\Controllers\Resenas))
 4 SYSTEMPATH\CodeIgniter.php(353): CodeIgniter\CodeIgniter->handleRequest(null, Object(Config\Cache), false)
 5 FCPATH\index.php(79): CodeIgniter\CodeIgniter->run()
 6 SYSTEMPATH\Commands\Server\rewrite.php(47): require_once('C:\\Users\\jj190\\OneDrive\\Escritorio\\eneba2.0\\public\\index.php')
CRITICAL - 2023-12-08 13:08:39 --> Call to undefined method App\Models\juegoModel::insert1
in SYSTEMPATH\Model.php on line 873.
 1 APPPATH\Controllers\Resenas.php(112): CodeIgniter\Model->__call('insert1', [...])
 2 SYSTEMPATH\CodeIgniter.php(919): App\Controllers\Resenas->insert1()
 3 SYSTEMPATH\CodeIgniter.php(494): CodeIgniter\CodeIgniter->runController(Object(App\Controllers\Resenas))
 4 SYSTEMPATH\CodeIgniter.php(353): CodeIgniter\CodeIgniter->handleRequest(null, Object(Config\Cache), false)
 5 FCPATH\index.php(79): CodeIgniter\CodeIgniter->run()
 6 SYSTEMPATH\Commands\Server\rewrite.php(47): require_once('C:\\Users\\jj190\\OneDrive\\Escritorio\\eneba2.0\\public\\index.php')
CRITICAL - 2023-12-08 13:15:05 --> Call to undefined method App\Models\resenaModel::insert1
in SYSTEMPATH\Model.php on line 873.
 1 APPPATH\Controllers\Resenas.php(112): CodeIgniter\Model->__call('insert1', [...])
 2 SYSTEMPATH\CodeIgniter.php(919): App\Controllers\Resenas->insert1()
 3 SYSTEMPATH\CodeIgniter.php(494): CodeIgniter\CodeIgniter->runController(Object(App\Controllers\Resenas))
 4 SYSTEMPATH\CodeIgniter.php(353): CodeIgniter\CodeIgniter->handleRequest(null, Object(Config\Cache), false)
 5 FCPATH\index.php(79): CodeIgniter\CodeIgniter->run()
 6 SYSTEMPATH\Commands\Server\rewrite.php(47): require_once('C:\\Users\\jj190\\OneDrive\\Escritorio\\eneba2.0\\public\\index.php')
CRITICAL - 2023-12-08 13:15:06 --> Call to undefined method App\Models\resenaModel::insert1
in SYSTEMPATH\Model.php on line 873.
 1 APPPATH\Controllers\Resenas.php(112): CodeIgniter\Model->__call('insert1', [...])
 2 SYSTEMPATH\CodeIgniter.php(919): App\Controllers\Resenas->insert1()
 3 SYSTEMPATH\CodeIgniter.php(494): CodeIgniter\CodeIgniter->runController(Object(App\Controllers\Resenas))
 4 SYSTEMPATH\CodeIgniter.php(353): CodeIgniter\CodeIgniter->handleRequest(null, Object(Config\Cache), false)
 5 FCPATH\index.php(79): CodeIgniter\CodeIgniter->run()
 6 SYSTEMPATH\Commands\Server\rewrite.php(47): require_once('C:\\Users\\jj190\\OneDrive\\Escritorio\\eneba2.0\\public\\index.php')
CRITICAL - 2023-12-08 13:15:14 --> Call to undefined method App\Models\resenaModel::insert1
in SYSTEMPATH\Model.php on line 873.
 1 APPPATH\Controllers\Resenas.php(112): CodeIgniter\Model->__call('insert1', [...])
 2 SYSTEMPATH\CodeIgniter.php(919): App\Controllers\Resenas->insert1()
 3 SYSTEMPATH\CodeIgniter.php(494): CodeIgniter\CodeIgniter->runController(Object(App\Controllers\Resenas))
 4 SYSTEMPATH\CodeIgniter.php(353): CodeIgniter\CodeIgniter->handleRequest(null, Object(Config\Cache), false)
 5 FCPATH\index.php(79): CodeIgniter\CodeIgniter->run()
 6 SYSTEMPATH\Commands\Server\rewrite.php(47): require_once('C:\\Users\\jj190\\OneDrive\\Escritorio\\eneba2.0\\public\\index.php')
CRITICAL - 2023-12-08 13:15:32 --> Call to undefined method App\Models\resenaModel::insert1
in SYSTEMPATH\Model.php on line 873.
 1 APPPATH\Controllers\Resenas.php(112): CodeIgniter\Model->__call('insert1', [...])
 2 SYSTEMPATH\CodeIgniter.php(919): App\Controllers\Resenas->insert1()
 3 SYSTEMPATH\CodeIgniter.php(494): CodeIgniter\CodeIgniter->runController(Object(App\Controllers\Resenas))
 4 SYSTEMPATH\CodeIgniter.php(353): CodeIgniter\CodeIgniter->handleRequest(null, Object(Config\Cache), false)
 5 FCPATH\index.php(79): CodeIgniter\CodeIgniter->run()
 6 SYSTEMPATH\Commands\Server\rewrite.php(47): require_once('C:\\Users\\jj190\\OneDrive\\Escritorio\\eneba2.0\\public\\index.php')
CRITICAL - 2023-12-08 13:16:47 --> Call to undefined method App\Models\resenaModel::insert1
in SYSTEMPATH\Model.php on line 873.
 1 APPPATH\Controllers\Resenas.php(112): CodeIgniter\Model->__call('insert1', [...])
 2 SYSTEMPATH\CodeIgniter.php(919): App\Controllers\Resenas->insert1()
 3 SYSTEMPATH\CodeIgniter.php(494): CodeIgniter\CodeIgniter->runController(Object(App\Controllers\Resenas))
 4 SYSTEMPATH\CodeIgniter.php(353): CodeIgniter\CodeIgniter->handleRequest(null, Object(Config\Cache), false)
 5 FCPATH\index.php(79): CodeIgniter\CodeIgniter->run()
 6 SYSTEMPATH\Commands\Server\rewrite.php(47): require_once('C:\\Users\\jj190\\OneDrive\\Escritorio\\eneba2.0\\public\\index.php')
CRITICAL - 2023-12-08 13:16:48 --> Call to undefined method App\Models\resenaModel::insert1
in SYSTEMPATH\Model.php on line 873.
 1 APPPATH\Controllers\Resenas.php(112): CodeIgniter\Model->__call('insert1', [...])
 2 SYSTEMPATH\CodeIgniter.php(919): App\Controllers\Resenas->insert1()
 3 SYSTEMPATH\CodeIgniter.php(494): CodeIgniter\CodeIgniter->runController(Object(App\Controllers\Resenas))
 4 SYSTEMPATH\CodeIgniter.php(353): CodeIgniter\CodeIgniter->handleRequest(null, Object(Config\Cache), false)
 5 FCPATH\index.php(79): CodeIgniter\CodeIgniter->run()
 6 SYSTEMPATH\Commands\Server\rewrite.php(47): require_once('C:\\Users\\jj190\\OneDrive\\Escritorio\\eneba2.0\\public\\index.php')
CRITICAL - 2023-12-08 13:19:54 --> Call to undefined method App\Models\resenaModel::insert1
in SYSTEMPATH\Model.php on line 873.
 1 APPPATH\Controllers\Resenas.php(112): CodeIgniter\Model->__call('insert1', [...])
 2 SYSTEMPATH\CodeIgniter.php(919): App\Controllers\Resenas->insert1()
 3 SYSTEMPATH\CodeIgniter.php(494): CodeIgniter\CodeIgniter->runController(Object(App\Controllers\Resenas))
 4 SYSTEMPATH\CodeIgniter.php(353): CodeIgniter\CodeIgniter->handleRequest(null, Object(Config\Cache), false)
 5 FCPATH\index.php(79): CodeIgniter\CodeIgniter->run()
 6 SYSTEMPATH\Commands\Server\rewrite.php(47): require_once('C:\\Users\\jj190\\OneDrive\\Escritorio\\eneba2.0\\public\\index.php')
CRITICAL - 2023-12-08 13:20:11 --> Call to undefined method App\Models\resenaModel::insert1
in SYSTEMPATH\Model.php on line 873.
 1 APPPATH\Controllers\Resenas.php(112): CodeIgniter\Model->__call('insert1', [...])
 2 SYSTEMPATH\CodeIgniter.php(919): App\Controllers\Resenas->insert1()
 3 SYSTEMPATH\CodeIgniter.php(494): CodeIgniter\CodeIgniter->runController(Object(App\Controllers\Resenas))
 4 SYSTEMPATH\CodeIgniter.php(353): CodeIgniter\CodeIgniter->handleRequest(null, Object(Config\Cache), false)
 5 FCPATH\index.php(79): CodeIgniter\CodeIgniter->run()
 6 SYSTEMPATH\Commands\Server\rewrite.php(47): require_once('C:\\Users\\jj190\\OneDrive\\Escritorio\\eneba2.0\\public\\index.php')
INFO - 2023-12-08 13:22:16 --> Session: Class initialized using 'CodeIgniter\Session\Handlers\FileHandler' driver.
INFO - 2023-12-08 13:22:16 --> Session: Class initialized using 'CodeIgniter\Session\Handlers\FileHandler' driver.
INFO - 2023-12-08 13:22:34 --> Session: Class initialized using 'CodeIgniter\Session\Handlers\FileHandler' driver.
INFO - 2023-12-08 13:24:36 --> Session: Class initialized using 'CodeIgniter\Session\Handlers\FileHandler' driver.
INFO - 2023-12-08 13:25:34 --> Session: Class initialized using 'CodeIgniter\Session\Handlers\FileHandler' driver.
INFO - 2023-12-08 13:25:34 --> Session: Class initialized using 'CodeIgniter\Session\Handlers\FileHandler' driver.
INFO - 2023-12-08 13:26:46 --> Session: Class initialized using 'CodeIgniter\Session\Handlers\FileHandler' driver.
INFO - 2023-12-08 13:26:46 --> Session: Class initialized using 'CodeIgniter\Session\Handlers\FileHandler' driver.
INFO - 2023-12-08 13:26:54 --> Session: Class initialized using 'CodeIgniter\Session\Handlers\FileHandler' driver.
INFO - 2023-12-08 13:26:54 --> Session: Class initialized using 'CodeIgniter\Session\Handlers\FileHandler' driver.
INFO - 2023-12-08 13:27:04 --> Session: Class initialized using 'CodeIgniter\Session\Handlers\FileHandler' driver.
INFO - 2023-12-08 16:47:11 --> Session: Class initialized using 'CodeIgniter\Session\Handlers\FileHandler' driver.
INFO - 2023-12-08 16:47:11 --> Session: Class initialized using 'CodeIgniter\Session\Handlers\FileHandler' driver.
INFO - 2023-12-08 16:47:44 --> Session: Class initialized using 'CodeIgniter\Session\Handlers\FileHandler' driver.
INFO - 2023-12-08 16:47:56 --> Session: Class initialized using 'CodeIgniter\Session\Handlers\FileHandler' driver.
INFO - 2023-12-08 16:47:56 --> Session: Class initialized using 'CodeIgniter\Session\Handlers\FileHandler' driver.
INFO - 2023-12-08 16:53:14 --> Session: Class initialized using 'CodeIgniter\Session\Handlers\FileHandler' driver.
INFO - 2023-12-08 16:58:44 --> Session: Class initialized using 'CodeIgniter\Session\Handlers\FileHandler' driver.
INFO - 2023-12-08 17:00:24 --> Session: Class initialized using 'CodeIgniter\Session\Handlers\FileHandler' driver.
INFO - 2023-12-08 17:00:24 --> Session: Class initialized using 'CodeIgniter\Session\Handlers\FileHandler' driver.
CRITICAL - 2023-12-08 17:00:38 --> Undefined array key "nombre"
in APPPATH\Controllers\Resenas.php on line 87.
 1 APPPATH\Controllers\Resenas.php(87): CodeIgniter\Debug\Exceptions->errorHandler(2, 'Undefined array key "nombre"', 'C:\\Users\\jj190\\OneDrive\\Escritorio\\eneba2.0\\app\\Controllers\\Resenas.php', 87)
 2 SYSTEMPATH\CodeIgniter.php(919): App\Controllers\Resenas->insert()
 3 SYSTEMPATH\CodeIgniter.php(494): CodeIgniter\CodeIgniter->runController(Object(App\Controllers\Resenas))
 4 SYSTEMPATH\CodeIgniter.php(353): CodeIgniter\CodeIgniter->handleRequest(null, Object(Config\Cache), false)
 5 FCPATH\index.php(79): CodeIgniter\CodeIgniter->run()
 6 SYSTEMPATH\Commands\Server\rewrite.php(47): require_once('C:\\Users\\jj190\\OneDrive\\Escritorio\\eneba2.0\\public\\index.php')
CRITICAL - 2023-12-08 17:06:24 --> Undefined array key "nombre"
in APPPATH\Controllers\Resenas.php on line 87.
 1 APPPATH\Controllers\Resenas.php(87): CodeIgniter\Debug\Exceptions->errorHandler(2, 'Undefined array key "nombre"', 'C:\\Users\\jj190\\OneDrive\\Escritorio\\eneba2.0\\app\\Controllers\\Resenas.php', 87)
 2 SYSTEMPATH\CodeIgniter.php(919): App\Controllers\Resenas->insert()
 3 SYSTEMPATH\CodeIgniter.php(494): CodeIgniter\CodeIgniter->runController(Object(App\Controllers\Resenas))
 4 SYSTEMPATH\CodeIgniter.php(353): CodeIgniter\CodeIgniter->handleRequest(null, Object(Config\Cache), false)
 5 FCPATH\index.php(79): CodeIgniter\CodeIgniter->run()
 6 SYSTEMPATH\Commands\Server\rewrite.php(47): require_once('C:\\Users\\jj190\\OneDrive\\Escritorio\\eneba2.0\\public\\index.php')
CRITICAL - 2023-12-08 17:06:42 --> Undefined array key "nombre"
in APPPATH\Controllers\Resenas.php on line 87.
 1 APPPATH\Controllers\Resenas.php(87): CodeIgniter\Debug\Exceptions->errorHandler(2, 'Undefined array key "nombre"', 'C:\\Users\\jj190\\OneDrive\\Escritorio\\eneba2.0\\app\\Controllers\\Resenas.php', 87)
 2 SYSTEMPATH\CodeIgniter.php(919): App\Controllers\Resenas->insert()
 3 SYSTEMPATH\CodeIgniter.php(494): CodeIgniter\CodeIgniter->runController(Object(App\Controllers\Resenas))
 4 SYSTEMPATH\CodeIgniter.php(353): CodeIgniter\CodeIgniter->handleRequest(null, Object(Config\Cache), false)
 5 FCPATH\index.php(79): CodeIgniter\CodeIgniter->run()
 6 SYSTEMPATH\Commands\Server\rewrite.php(47): require_once('C:\\Users\\jj190\\OneDrive\\Escritorio\\eneba2.0\\public\\index.php')
CRITICAL - 2023-12-08 17:09:54 --> Undefined array key "nombre"
in APPPATH\Controllers\Resenas.php on line 87.
 1 APPPATH\Controllers\Resenas.php(87): CodeIgniter\Debug\Exceptions->errorHandler(2, 'Undefined array key "nombre"', 'C:\\Users\\jj190\\OneDrive\\Escritorio\\eneba2.0\\app\\Controllers\\Resenas.php', 87)
 2 SYSTEMPATH\CodeIgniter.php(919): App\Controllers\Resenas->insert()
 3 SYSTEMPATH\CodeIgniter.php(494): CodeIgniter\CodeIgniter->runController(Object(App\Controllers\Resenas))
 4 SYSTEMPATH\CodeIgniter.php(353): CodeIgniter\CodeIgniter->handleRequest(null, Object(Config\Cache), false)
 5 FCPATH\index.php(79): CodeIgniter\CodeIgniter->run()
 6 SYSTEMPATH\Commands\Server\rewrite.php(47): require_once('C:\\Users\\jj190\\OneDrive\\Escritorio\\eneba2.0\\public\\index.php')
INFO - 2023-12-08 17:12:15 --> Session: Class initialized using 'CodeIgniter\Session\Handlers\FileHandler' driver.
INFO - 2023-12-08 17:12:15 --> Session: Class initialized using 'CodeIgniter\Session\Handlers\FileHandler' driver.
INFO - 2023-12-08 17:44:40 --> Session: Class initialized using 'CodeIgniter\Session\Handlers\FileHandler' driver.
