CRITICAL - 2023-10-10 15:52:12 --> Undefined variable $alumnos
in APPPATH\Views\Juegos\Juegos.php on line 6.
 1 APPPATH\Views\Juegos\Juegos.php(6): CodeIgniter\Debug\Exceptions->errorHandler(2, 'Undefined variable $alumnos', 'C:\\Users\\jj190\\OneDrive\\Escritorio\\eneba2.0\\app\\Views\\Juegos\\Juegos.php', 6)
 2 SYSTEMPATH\View\View.php(226): include('C:\\Users\\jj190\\OneDrive\\Escritorio\\eneba2.0\\app\\Views\\Juegos\\Juegos.php')
 3 SYSTEMPATH\View\View.php(229): CodeIgniter\View\View->CodeIgniter\View\{closure}()
 4 SYSTEMPATH\Common.php(1188): CodeIgniter\View\View->render('Juegos/Juegos', [], true)
 5 APPPATH\Controllers\juegoController.php(18): view('Juegos/Juegos')
 6 SYSTEMPATH\CodeIgniter.php(919): App\Controllers\juegoController->juego()
 7 SYSTEMPATH\CodeIgniter.php(494): CodeIgniter\CodeIgniter->runController(Object(App\Controllers\juegoController))
 8 SYSTEMPATH\CodeIgniter.php(353): CodeIgniter\CodeIgniter->handleRequest(null, Object(Config\Cache), false)
 9 FCPATH\index.php(79): CodeIgniter\CodeIgniter->run()
10 SYSTEMPATH\Commands\Server\rewrite.php(47): require_once('C:\\Users\\jj190\\OneDrive\\Escritorio\\eneba2.0\\public\\index.php')
CRITICAL - 2023-10-10 15:53:03 --> Undefined variable $Juegos
in APPPATH\Views\Juegos\Juegos.php on line 6.
 1 APPPATH\Views\Juegos\Juegos.php(6): CodeIgniter\Debug\Exceptions->errorHandler(2, 'Undefined variable $Juegos', 'C:\\Users\\jj190\\OneDrive\\Escritorio\\eneba2.0\\app\\Views\\Juegos\\Juegos.php', 6)
 2 SYSTEMPATH\View\View.php(226): include('C:\\Users\\jj190\\OneDrive\\Escritorio\\eneba2.0\\app\\Views\\Juegos\\Juegos.php')
 3 SYSTEMPATH\View\View.php(229): CodeIgniter\View\View->CodeIgniter\View\{closure}()
 4 SYSTEMPATH\Common.php(1188): CodeIgniter\View\View->render('Juegos/Juegos', [], true)
 5 APPPATH\Controllers\juegoController.php(18): view('Juegos/Juegos')
 6 SYSTEMPATH\CodeIgniter.php(919): App\Controllers\juegoController->juego()
 7 SYSTEMPATH\CodeIgniter.php(494): CodeIgniter\CodeIgniter->runController(Object(App\Controllers\juegoController))
 8 SYSTEMPATH\CodeIgniter.php(353): CodeIgniter\CodeIgniter->handleRequest(null, Object(Config\Cache), false)
 9 FCPATH\index.php(79): CodeIgniter\CodeIgniter->run()
10 SYSTEMPATH\Commands\Server\rewrite.php(47): require_once('C:\\Users\\jj190\\OneDrive\\Escritorio\\eneba2.0\\public\\index.php')
ERROR - 2023-10-10 15:55:15 --> mysqli_sql_exception: No database selected in C:\Users\jj190\OneDrive\Escritorio\eneba2.0\system\Database\MySQLi\Connection.php:306
Stack trace:
#0 C:\Users\jj190\OneDrive\Escritorio\eneba2.0\system\Database\MySQLi\Connection.php(306): mysqli->query('SELECT *\nFROM `...', 0)
#1 C:\Users\jj190\OneDrive\Escritorio\eneba2.0\system\Database\BaseConnection.php(692): CodeIgniter\Database\MySQLi\Connection->execute('SELECT *\nFROM `...')
#2 C:\Users\jj190\OneDrive\Escritorio\eneba2.0\system\Database\BaseConnection.php(606): CodeIgniter\Database\BaseConnection->simpleQuery('SELECT *\nFROM `...')
#3 C:\Users\jj190\OneDrive\Escritorio\eneba2.0\system\Database\BaseBuilder.php(1615): CodeIgniter\Database\BaseConnection->query('SELECT *\nFROM `...', Array, false)
#4 C:\Users\jj190\OneDrive\Escritorio\eneba2.0\system\Model.php(237): CodeIgniter\Database\BaseBuilder->get()
#5 C:\Users\jj190\OneDrive\Escritorio\eneba2.0\system\BaseModel.php(624): CodeIgniter\Model->doFindAll(0, 0)
#6 C:\Users\jj190\OneDrive\Escritorio\eneba2.0\app\Controllers\juegoController.php(15): CodeIgniter\BaseModel->findAll()
#7 C:\Users\jj190\OneDrive\Escritorio\eneba2.0\system\CodeIgniter.php(919): App\Controllers\juegoController->juego()
#8 C:\Users\jj190\OneDrive\Escritorio\eneba2.0\system\CodeIgniter.php(494): CodeIgniter\CodeIgniter->runController(Object(App\Controllers\juegoController))
#9 C:\Users\jj190\OneDrive\Escritorio\eneba2.0\system\CodeIgniter.php(353): CodeIgniter\CodeIgniter->handleRequest(NULL, Object(Config\Cache), false)
#10 C:\Users\jj190\OneDrive\Escritorio\eneba2.0\public\index.php(79): CodeIgniter\CodeIgniter->run()
#11 C:\Users\jj190\OneDrive\Escritorio\eneba2.0\system\Commands\Server\rewrite.php(47): require_once('C:\\Users\\jj190\\...')
#12 {main}
CRITICAL - 2023-10-10 15:55:15 --> No database selected
in SYSTEMPATH\Database\BaseConnection.php on line 646.
 1 SYSTEMPATH\Database\BaseBuilder.php(1615): CodeIgniter\Database\BaseConnection->query('SELECT *
FROM `Juegos`
WHERE `Juegos`.`deleted_at` IS NULL', [], false)
 2 SYSTEMPATH\Model.php(237): CodeIgniter\Database\BaseBuilder->get()
 3 SYSTEMPATH\BaseModel.php(624): CodeIgniter\Model->doFindAll(0, 0)
 4 APPPATH\Controllers\juegoController.php(15): CodeIgniter\BaseModel->findAll()
 5 SYSTEMPATH\CodeIgniter.php(919): App\Controllers\juegoController->juego()
 6 SYSTEMPATH\CodeIgniter.php(494): CodeIgniter\CodeIgniter->runController(Object(App\Controllers\juegoController))
 7 SYSTEMPATH\CodeIgniter.php(353): CodeIgniter\CodeIgniter->handleRequest(null, Object(Config\Cache), false)
 8 FCPATH\index.php(79): CodeIgniter\CodeIgniter->run()
 9 SYSTEMPATH\Commands\Server\rewrite.php(47): require_once('C:\\Users\\jj190\\OneDrive\\Escritorio\\eneba2.0\\public\\index.php')
ERROR - 2023-10-10 15:55:16 --> mysqli_sql_exception: No database selected in C:\Users\jj190\OneDrive\Escritorio\eneba2.0\system\Database\MySQLi\Connection.php:306
Stack trace:
#0 C:\Users\jj190\OneDrive\Escritorio\eneba2.0\system\Database\MySQLi\Connection.php(306): mysqli->query('SELECT *\nFROM `...', 0)
#1 C:\Users\jj190\OneDrive\Escritorio\eneba2.0\system\Database\BaseConnection.php(692): CodeIgniter\Database\MySQLi\Connection->execute('SELECT *\nFROM `...')
#2 C:\Users\jj190\OneDrive\Escritorio\eneba2.0\system\Database\BaseConnection.php(606): CodeIgniter\Database\BaseConnection->simpleQuery('SELECT *\nFROM `...')
#3 C:\Users\jj190\OneDrive\Escritorio\eneba2.0\system\Database\BaseBuilder.php(1615): CodeIgniter\Database\BaseConnection->query('SELECT *\nFROM `...', Array, false)
#4 C:\Users\jj190\OneDrive\Escritorio\eneba2.0\system\Model.php(237): CodeIgniter\Database\BaseBuilder->get()
#5 C:\Users\jj190\OneDrive\Escritorio\eneba2.0\system\BaseModel.php(624): CodeIgniter\Model->doFindAll(0, 0)
#6 C:\Users\jj190\OneDrive\Escritorio\eneba2.0\app\Controllers\juegoController.php(15): CodeIgniter\BaseModel->findAll()
#7 C:\Users\jj190\OneDrive\Escritorio\eneba2.0\system\CodeIgniter.php(919): App\Controllers\juegoController->juego()
#8 C:\Users\jj190\OneDrive\Escritorio\eneba2.0\system\CodeIgniter.php(494): CodeIgniter\CodeIgniter->runController(Object(App\Controllers\juegoController))
#9 C:\Users\jj190\OneDrive\Escritorio\eneba2.0\system\CodeIgniter.php(353): CodeIgniter\CodeIgniter->handleRequest(NULL, Object(Config\Cache), false)
#10 C:\Users\jj190\OneDrive\Escritorio\eneba2.0\public\index.php(79): CodeIgniter\CodeIgniter->run()
#11 C:\Users\jj190\OneDrive\Escritorio\eneba2.0\system\Commands\Server\rewrite.php(47): require_once('C:\\Users\\jj190\\...')
#12 {main}
CRITICAL - 2023-10-10 15:55:16 --> No database selected
in SYSTEMPATH\Database\BaseConnection.php on line 646.
 1 SYSTEMPATH\Database\BaseBuilder.php(1615): CodeIgniter\Database\BaseConnection->query('SELECT *
FROM `Juegos`
WHERE `Juegos`.`deleted_at` IS NULL', [], false)
 2 SYSTEMPATH\Model.php(237): CodeIgniter\Database\BaseBuilder->get()
 3 SYSTEMPATH\BaseModel.php(624): CodeIgniter\Model->doFindAll(0, 0)
 4 APPPATH\Controllers\juegoController.php(15): CodeIgniter\BaseModel->findAll()
 5 SYSTEMPATH\CodeIgniter.php(919): App\Controllers\juegoController->juego()
 6 SYSTEMPATH\CodeIgniter.php(494): CodeIgniter\CodeIgniter->runController(Object(App\Controllers\juegoController))
 7 SYSTEMPATH\CodeIgniter.php(353): CodeIgniter\CodeIgniter->handleRequest(null, Object(Config\Cache), false)
 8 FCPATH\index.php(79): CodeIgniter\CodeIgniter->run()
 9 SYSTEMPATH\Commands\Server\rewrite.php(47): require_once('C:\\Users\\jj190\\OneDrive\\Escritorio\\eneba2.0\\public\\index.php')
CRITICAL - 2023-10-10 15:57:18 --> You must set the database table to be used with your query.
in SYSTEMPATH\Database\BaseConnection.php on line 883.
 1 SYSTEMPATH\Model.php(635): CodeIgniter\Database\BaseConnection->table('')
 2 SYSTEMPATH\Model.php(230): CodeIgniter\Model->builder()
 3 SYSTEMPATH\BaseModel.php(624): CodeIgniter\Model->doFindAll(0, 0)
 4 APPPATH\Controllers\juegoController.php(15): CodeIgniter\BaseModel->findAll()
 5 SYSTEMPATH\CodeIgniter.php(919): App\Controllers\juegoController->juego()
 6 SYSTEMPATH\CodeIgniter.php(494): CodeIgniter\CodeIgniter->runController(Object(App\Controllers\juegoController))
 7 SYSTEMPATH\CodeIgniter.php(353): CodeIgniter\CodeIgniter->handleRequest(null, Object(Config\Cache), false)
 8 FCPATH\index.php(79): CodeIgniter\CodeIgniter->run()
 9 SYSTEMPATH\Commands\Server\rewrite.php(47): require_once('C:\\Users\\jj190\\OneDrive\\Escritorio\\eneba2.0\\public\\index.php')
CRITICAL - 2023-10-10 16:01:18 --> You must set the database table to be used with your query.
in SYSTEMPATH\Database\BaseConnection.php on line 883.
 1 SYSTEMPATH\Model.php(635): CodeIgniter\Database\BaseConnection->table('')
 2 SYSTEMPATH\Model.php(230): CodeIgniter\Model->builder()
 3 SYSTEMPATH\BaseModel.php(624): CodeIgniter\Model->doFindAll(0, 0)
 4 APPPATH\Controllers\juegoController.php(15): CodeIgniter\BaseModel->findAll()
 5 SYSTEMPATH\CodeIgniter.php(919): App\Controllers\juegoController->juego()
 6 SYSTEMPATH\CodeIgniter.php(494): CodeIgniter\CodeIgniter->runController(Object(App\Controllers\juegoController))
 7 SYSTEMPATH\CodeIgniter.php(353): CodeIgniter\CodeIgniter->handleRequest(null, Object(Config\Cache), false)
 8 FCPATH\index.php(79): CodeIgniter\CodeIgniter->run()
 9 SYSTEMPATH\Commands\Server\rewrite.php(47): require_once('C:\\Users\\jj190\\OneDrive\\Escritorio\\eneba2.0\\public\\index.php')
CRITICAL - 2023-10-10 16:01:23 --> You must set the database table to be used with your query.
in SYSTEMPATH\Database\BaseConnection.php on line 883.
 1 SYSTEMPATH\Model.php(635): CodeIgniter\Database\BaseConnection->table('')
 2 SYSTEMPATH\Model.php(230): CodeIgniter\Model->builder()
 3 SYSTEMPATH\BaseModel.php(624): CodeIgniter\Model->doFindAll(0, 0)
 4 APPPATH\Controllers\juegoController.php(15): CodeIgniter\BaseModel->findAll()
 5 SYSTEMPATH\CodeIgniter.php(919): App\Controllers\juegoController->juego()
 6 SYSTEMPATH\CodeIgniter.php(494): CodeIgniter\CodeIgniter->runController(Object(App\Controllers\juegoController))
 7 SYSTEMPATH\CodeIgniter.php(353): CodeIgniter\CodeIgniter->handleRequest(null, Object(Config\Cache), false)
 8 FCPATH\index.php(79): CodeIgniter\CodeIgniter->run()
 9 SYSTEMPATH\Commands\Server\rewrite.php(47): require_once('C:\\Users\\jj190\\OneDrive\\Escritorio\\eneba2.0\\public\\index.php')
CRITICAL - 2023-10-10 16:03:52 --> You must set the database table to be used with your query.
in SYSTEMPATH\Database\BaseConnection.php on line 883.
 1 SYSTEMPATH\Model.php(635): CodeIgniter\Database\BaseConnection->table('')
 2 SYSTEMPATH\Model.php(230): CodeIgniter\Model->builder()
 3 SYSTEMPATH\BaseModel.php(624): CodeIgniter\Model->doFindAll(0, 0)
 4 APPPATH\Controllers\juegoController.php(15): CodeIgniter\BaseModel->findAll()
 5 SYSTEMPATH\CodeIgniter.php(919): App\Controllers\juegoController->juego()
 6 SYSTEMPATH\CodeIgniter.php(494): CodeIgniter\CodeIgniter->runController(Object(App\Controllers\juegoController))
 7 SYSTEMPATH\CodeIgniter.php(353): CodeIgniter\CodeIgniter->handleRequest(null, Object(Config\Cache), false)
 8 FCPATH\index.php(79): CodeIgniter\CodeIgniter->run()
 9 SYSTEMPATH\Commands\Server\rewrite.php(47): require_once('C:\\Users\\jj190\\OneDrive\\Escritorio\\eneba2.0\\public\\index.php')
CRITICAL - 2023-10-10 16:03:56 --> You must set the database table to be used with your query.
in SYSTEMPATH\Database\BaseConnection.php on line 883.
 1 SYSTEMPATH\Model.php(635): CodeIgniter\Database\BaseConnection->table('')
 2 SYSTEMPATH\Model.php(230): CodeIgniter\Model->builder()
 3 SYSTEMPATH\BaseModel.php(624): CodeIgniter\Model->doFindAll(0, 0)
 4 APPPATH\Controllers\juegoController.php(15): CodeIgniter\BaseModel->findAll()
 5 SYSTEMPATH\CodeIgniter.php(919): App\Controllers\juegoController->juego()
 6 SYSTEMPATH\CodeIgniter.php(494): CodeIgniter\CodeIgniter->runController(Object(App\Controllers\juegoController))
 7 SYSTEMPATH\CodeIgniter.php(353): CodeIgniter\CodeIgniter->handleRequest(null, Object(Config\Cache), false)
 8 FCPATH\index.php(79): CodeIgniter\CodeIgniter->run()
 9 SYSTEMPATH\Commands\Server\rewrite.php(47): require_once('C:\\Users\\jj190\\OneDrive\\Escritorio\\eneba2.0\\public\\index.php')
CRITICAL - 2023-10-10 16:03:59 --> You must set the database table to be used with your query.
in SYSTEMPATH\Database\BaseConnection.php on line 883.
 1 SYSTEMPATH\Model.php(635): CodeIgniter\Database\BaseConnection->table('')
 2 SYSTEMPATH\Model.php(230): CodeIgniter\Model->builder()
 3 SYSTEMPATH\BaseModel.php(624): CodeIgniter\Model->doFindAll(0, 0)
 4 APPPATH\Controllers\juegoController.php(15): CodeIgniter\BaseModel->findAll()
 5 SYSTEMPATH\CodeIgniter.php(919): App\Controllers\juegoController->juego()
 6 SYSTEMPATH\CodeIgniter.php(494): CodeIgniter\CodeIgniter->runController(Object(App\Controllers\juegoController))
 7 SYSTEMPATH\CodeIgniter.php(353): CodeIgniter\CodeIgniter->handleRequest(null, Object(Config\Cache), false)
 8 FCPATH\index.php(79): CodeIgniter\CodeIgniter->run()
 9 SYSTEMPATH\Commands\Server\rewrite.php(47): require_once('C:\\Users\\jj190\\OneDrive\\Escritorio\\eneba2.0\\public\\index.php')
CRITICAL - 2023-10-10 16:40:27 --> Invalid file: "Juegos/agregarcategoria.php"
in SYSTEMPATH\Exceptions\FrameworkException.php on line 39.
 1 SYSTEMPATH\View\View.php(214): CodeIgniter\Exceptions\FrameworkException::forInvalidFile('Juegos/agregarcategoria.php')
 2 SYSTEMPATH\Common.php(1188): CodeIgniter\View\View->render('Juegos/agregarcategoria', [], true)
 3 APPPATH\Controllers\juegoController.php(39): view('Juegos/agregarcategoria')
 4 SYSTEMPATH\CodeIgniter.php(919): App\Controllers\juegoController->agregarcategoria()
 5 SYSTEMPATH\CodeIgniter.php(494): CodeIgniter\CodeIgniter->runController(Object(App\Controllers\juegoController))
 6 SYSTEMPATH\CodeIgniter.php(353): CodeIgniter\CodeIgniter->handleRequest(null, Object(Config\Cache), false)
 7 FCPATH\index.php(79): CodeIgniter\CodeIgniter->run()
 8 SYSTEMPATH\Commands\Server\rewrite.php(47): require_once('C:\\Users\\jj190\\OneDrive\\Escritorio\\eneba2.0\\public\\index.php')
