ERROR - 2023-11-27 00:11:21 --> mysqli_sql_exception: Unknown column 'Juegos.deleted_at' in 'where clause' in C:\Users\jj190\OneDrive\Escritorio\eneba2.0\system\Database\MySQLi\Connection.php:306
Stack trace:
#0 C:\Users\jj190\OneDrive\Escritorio\eneba2.0\system\Database\MySQLi\Connection.php(306): mysqli->query('SELECT *\nFROM `...', 0)
#1 C:\Users\jj190\OneDrive\Escritorio\eneba2.0\system\Database\BaseConnection.php(692): CodeIgniter\Database\MySQLi\Connection->execute('SELECT *\nFROM `...')
#2 C:\Users\jj190\OneDrive\Escritorio\eneba2.0\system\Database\BaseConnection.php(606): CodeIgniter\Database\BaseConnection->simpleQuery('SELECT *\nFROM `...')
#3 C:\Users\jj190\OneDrive\Escritorio\eneba2.0\system\Database\BaseBuilder.php(1615): CodeIgniter\Database\BaseConnection->query('SELECT *\nFROM `...', Array, false)
#4 C:\Users\jj190\OneDrive\Escritorio\eneba2.0\system\Model.php(237): CodeIgniter\Database\BaseBuilder->get()
#5 C:\Users\jj190\OneDrive\Escritorio\eneba2.0\system\BaseModel.php(624): CodeIgniter\Model->doFindAll(0, 0)
#6 C:\Users\jj190\OneDrive\Escritorio\eneba2.0\app\Controllers\Juego.php(26): CodeIgniter\BaseModel->findAll()
#7 C:\Users\jj190\OneDrive\Escritorio\eneba2.0\system\CodeIgniter.php(919): App\Controllers\Juego->agregar()
#8 C:\Users\jj190\OneDrive\Escritorio\eneba2.0\system\CodeIgniter.php(494): CodeIgniter\CodeIgniter->runController(Object(App\Controllers\Juego))
#9 C:\Users\jj190\OneDrive\Escritorio\eneba2.0\system\CodeIgniter.php(353): CodeIgniter\CodeIgniter->handleRequest(NULL, Object(Config\Cache), false)
#10 C:\Users\jj190\OneDrive\Escritorio\eneba2.0\public\index.php(79): CodeIgniter\CodeIgniter->run()
#11 C:\Users\jj190\OneDrive\Escritorio\eneba2.0\system\Commands\Server\rewrite.php(47): require_once('C:\\Users\\jj190\\...')
#12 {main}
CRITICAL - 2023-11-27 00:11:21 --> Unknown column 'Juegos.deleted_at' in 'where clause'
in SYSTEMPATH\Database\BaseConnection.php on line 646.
 1 SYSTEMPATH\Database\BaseBuilder.php(1615): CodeIgniter\Database\BaseConnection->query('SELECT *
FROM `Juegos`
WHERE `Juegos`.`deleted_at` IS NULL', [], false)
 2 SYSTEMPATH\Model.php(237): CodeIgniter\Database\BaseBuilder->get()
 3 SYSTEMPATH\BaseModel.php(624): CodeIgniter\Model->doFindAll(0, 0)
 4 APPPATH\Controllers\Juego.php(26): CodeIgniter\BaseModel->findAll()
 5 SYSTEMPATH\CodeIgniter.php(919): App\Controllers\Juego->agregar()
 6 SYSTEMPATH\CodeIgniter.php(494): CodeIgniter\CodeIgniter->runController(Object(App\Controllers\Juego))
 7 SYSTEMPATH\CodeIgniter.php(353): CodeIgniter\CodeIgniter->handleRequest(null, Object(Config\Cache), false)
 8 FCPATH\index.php(79): CodeIgniter\CodeIgniter->run()
 9 SYSTEMPATH\Commands\Server\rewrite.php(47): require_once('C:\\Users\\jj190\\OneDrive\\Escritorio\\eneba2.0\\public\\index.php')
CRITICAL - 2023-11-27 00:36:13 --> Undefined property: stdClass::$Imagen
in APPPATH\Views\Juegos\mostrar.php on line 158.
 1 APPPATH\Views\Juegos\mostrar.php(158): CodeIgniter\Debug\Exceptions->errorHandler(2, 'Undefined property: stdClass::$Imagen', 'C:\\Users\\jj190\\OneDrive\\Escritorio\\eneba2.0\\app\\Views\\Juegos\\mostrar.php', 158)
 2 SYSTEMPATH\View\View.php(226): include('C:\\Users\\jj190\\OneDrive\\Escritorio\\eneba2.0\\app\\Views\\Juegos\\mostrar.php')
 3 SYSTEMPATH\View\View.php(229): CodeIgniter\View\View->CodeIgniter\View\{closure}()
 4 SYSTEMPATH\Common.php(1188): CodeIgniter\View\View->render('Juegos/mostrar', [], true)
 5 APPPATH\Controllers\Juego.php(20): view('Juegos/mostrar', [...])
 6 SYSTEMPATH\CodeIgniter.php(919): App\Controllers\Juego->mostrar()
 7 SYSTEMPATH\CodeIgniter.php(494): CodeIgniter\CodeIgniter->runController(Object(App\Controllers\Juego))
 8 SYSTEMPATH\CodeIgniter.php(353): CodeIgniter\CodeIgniter->handleRequest(null, Object(Config\Cache), false)
 9 FCPATH\index.php(79): CodeIgniter\CodeIgniter->run()
10 SYSTEMPATH\Commands\Server\rewrite.php(47): require_once('C:\\Users\\jj190\\OneDrive\\Escritorio\\eneba2.0\\public\\index.php')
ERROR - 2023-11-27 07:16:34 --> mysqli_sql_exception: Unknown column 'Juegos.deleted_at' in 'where clause' in C:\Users\jj190\OneDrive\Escritorio\eneba2.0\system\Database\MySQLi\Connection.php:306
Stack trace:
#0 C:\Users\jj190\OneDrive\Escritorio\eneba2.0\system\Database\MySQLi\Connection.php(306): mysqli->query('SELECT *\nFROM `...', 0)
#1 C:\Users\jj190\OneDrive\Escritorio\eneba2.0\system\Database\BaseConnection.php(692): CodeIgniter\Database\MySQLi\Connection->execute('SELECT *\nFROM `...')
#2 C:\Users\jj190\OneDrive\Escritorio\eneba2.0\system\Database\BaseConnection.php(606): CodeIgniter\Database\BaseConnection->simpleQuery('SELECT *\nFROM `...')
#3 C:\Users\jj190\OneDrive\Escritorio\eneba2.0\system\Database\BaseBuilder.php(1615): CodeIgniter\Database\BaseConnection->query('SELECT *\nFROM `...', Array, false)
#4 C:\Users\jj190\OneDrive\Escritorio\eneba2.0\system\Model.php(237): CodeIgniter\Database\BaseBuilder->get()
#5 C:\Users\jj190\OneDrive\Escritorio\eneba2.0\system\BaseModel.php(624): CodeIgniter\Model->doFindAll(0, 0)
#6 C:\Users\jj190\OneDrive\Escritorio\eneba2.0\app\Controllers\Juego.php(16): CodeIgniter\BaseModel->findAll()
#7 C:\Users\jj190\OneDrive\Escritorio\eneba2.0\system\CodeIgniter.php(919): App\Controllers\Juego->mostrar()
#8 C:\Users\jj190\OneDrive\Escritorio\eneba2.0\system\CodeIgniter.php(494): CodeIgniter\CodeIgniter->runController(Object(App\Controllers\Juego))
#9 C:\Users\jj190\OneDrive\Escritorio\eneba2.0\system\CodeIgniter.php(353): CodeIgniter\CodeIgniter->handleRequest(NULL, Object(Config\Cache), false)
#10 C:\Users\jj190\OneDrive\Escritorio\eneba2.0\public\index.php(79): CodeIgniter\CodeIgniter->run()
#11 C:\Users\jj190\OneDrive\Escritorio\eneba2.0\system\Commands\Server\rewrite.php(47): require_once('C:\\Users\\jj190\\...')
#12 {main}
CRITICAL - 2023-11-27 07:16:34 --> Unknown column 'Juegos.deleted_at' in 'where clause'
in SYSTEMPATH\Database\BaseConnection.php on line 646.
 1 SYSTEMPATH\Database\BaseBuilder.php(1615): CodeIgniter\Database\BaseConnection->query('SELECT *
FROM `Juegos`
WHERE `Juegos`.`deleted_at` IS NULL', [], false)
 2 SYSTEMPATH\Model.php(237): CodeIgniter\Database\BaseBuilder->get()
 3 SYSTEMPATH\BaseModel.php(624): CodeIgniter\Model->doFindAll(0, 0)
 4 APPPATH\Controllers\Juego.php(16): CodeIgniter\BaseModel->findAll()
 5 SYSTEMPATH\CodeIgniter.php(919): App\Controllers\Juego->mostrar()
 6 SYSTEMPATH\CodeIgniter.php(494): CodeIgniter\CodeIgniter->runController(Object(App\Controllers\Juego))
 7 SYSTEMPATH\CodeIgniter.php(353): CodeIgniter\CodeIgniter->handleRequest(null, Object(Config\Cache), false)
 8 FCPATH\index.php(79): CodeIgniter\CodeIgniter->run()
 9 SYSTEMPATH\Commands\Server\rewrite.php(47): require_once('C:\\Users\\jj190\\OneDrive\\Escritorio\\eneba2.0\\public\\index.php')
CRITICAL - 2023-11-27 08:12:31 --> Invalid file: "Juegos/mostrar.php"
in SYSTEMPATH\Exceptions\FrameworkException.php on line 39.
 1 SYSTEMPATH\View\View.php(214): CodeIgniter\Exceptions\FrameworkException::forInvalidFile('Juegos/mostrar.php')
 2 SYSTEMPATH\Common.php(1188): CodeIgniter\View\View->render('Juegos/mostrar', [], true)
 3 APPPATH\Controllers\Juego.php(20): view('Juegos/mostrar', [...])
 4 SYSTEMPATH\CodeIgniter.php(919): App\Controllers\Juego->mostrar()
 5 SYSTEMPATH\CodeIgniter.php(494): CodeIgniter\CodeIgniter->runController(Object(App\Controllers\Juego))
 6 SYSTEMPATH\CodeIgniter.php(353): CodeIgniter\CodeIgniter->handleRequest(null, Object(Config\Cache), false)
 7 FCPATH\index.php(79): CodeIgniter\CodeIgniter->run()
 8 SYSTEMPATH\Commands\Server\rewrite.php(47): require_once('C:\\Users\\jj190\\OneDrive\\Escritorio\\eneba2.0\\public\\index.php')
CRITICAL - 2023-11-27 08:14:54 --> Invalid file: "Juegos/mostrar.php"
in SYSTEMPATH\Exceptions\FrameworkException.php on line 39.
 1 SYSTEMPATH\View\View.php(214): CodeIgniter\Exceptions\FrameworkException::forInvalidFile('Juegos/mostrar.php')
 2 SYSTEMPATH\Common.php(1188): CodeIgniter\View\View->render('Juegos/mostrar', [], true)
 3 APPPATH\Controllers\Juego.php(20): view('Juegos/mostrar', [...])
 4 SYSTEMPATH\CodeIgniter.php(919): App\Controllers\Juego->mostrar()
 5 SYSTEMPATH\CodeIgniter.php(494): CodeIgniter\CodeIgniter->runController(Object(App\Controllers\Juego))
 6 SYSTEMPATH\CodeIgniter.php(353): CodeIgniter\CodeIgniter->handleRequest(null, Object(Config\Cache), false)
 7 FCPATH\index.php(79): CodeIgniter\CodeIgniter->run()
 8 SYSTEMPATH\Commands\Server\rewrite.php(47): require_once('C:\\Users\\jj190\\OneDrive\\Escritorio\\eneba2.0\\public\\index.php')
CRITICAL - 2023-11-27 08:14:55 --> Invalid file: "Juegos/mostrar.php"
in SYSTEMPATH\Exceptions\FrameworkException.php on line 39.
 1 SYSTEMPATH\View\View.php(214): CodeIgniter\Exceptions\FrameworkException::forInvalidFile('Juegos/mostrar.php')
 2 SYSTEMPATH\Common.php(1188): CodeIgniter\View\View->render('Juegos/mostrar', [], true)
 3 APPPATH\Controllers\Juego.php(20): view('Juegos/mostrar', [...])
 4 SYSTEMPATH\CodeIgniter.php(919): App\Controllers\Juego->mostrar()
 5 SYSTEMPATH\CodeIgniter.php(494): CodeIgniter\CodeIgniter->runController(Object(App\Controllers\Juego))
 6 SYSTEMPATH\CodeIgniter.php(353): CodeIgniter\CodeIgniter->handleRequest(null, Object(Config\Cache), false)
 7 FCPATH\index.php(79): CodeIgniter\CodeIgniter->run()
 8 SYSTEMPATH\Commands\Server\rewrite.php(47): require_once('C:\\Users\\jj190\\OneDrive\\Escritorio\\eneba2.0\\public\\index.php')
CRITICAL - 2023-11-27 08:15:54 --> Invalid file: "Juegos/mostrar.php"
in SYSTEMPATH\Exceptions\FrameworkException.php on line 39.
 1 SYSTEMPATH\View\View.php(214): CodeIgniter\Exceptions\FrameworkException::forInvalidFile('Juegos/mostrar.php')
 2 SYSTEMPATH\Common.php(1188): CodeIgniter\View\View->render('Juegos/mostrar', [], true)
 3 APPPATH\Controllers\Juego.php(20): view('Juegos/mostrar', [...])
 4 SYSTEMPATH\CodeIgniter.php(919): App\Controllers\Juego->mostrar()
 5 SYSTEMPATH\CodeIgniter.php(494): CodeIgniter\CodeIgniter->runController(Object(App\Controllers\Juego))
 6 SYSTEMPATH\CodeIgniter.php(353): CodeIgniter\CodeIgniter->handleRequest(null, Object(Config\Cache), false)
 7 FCPATH\index.php(79): CodeIgniter\CodeIgniter->run()
 8 SYSTEMPATH\Commands\Server\rewrite.php(47): require_once('C:\\Users\\jj190\\OneDrive\\Escritorio\\eneba2.0\\public\\index.php')
CRITICAL - 2023-11-27 08:19:45 --> Invalid file: "Juegos/mostrar.php"
in SYSTEMPATH\Exceptions\FrameworkException.php on line 39.
 1 SYSTEMPATH\View\View.php(214): CodeIgniter\Exceptions\FrameworkException::forInvalidFile('Juegos/mostrar.php')
 2 SYSTEMPATH\Common.php(1188): CodeIgniter\View\View->render('Juegos/mostrar', [], true)
 3 APPPATH\Controllers\Juego.php(20): view('Juegos/mostrar', [...])
 4 SYSTEMPATH\CodeIgniter.php(919): App\Controllers\Juego->mostrar()
 5 SYSTEMPATH\CodeIgniter.php(494): CodeIgniter\CodeIgniter->runController(Object(App\Controllers\Juego))
 6 SYSTEMPATH\CodeIgniter.php(353): CodeIgniter\CodeIgniter->handleRequest(null, Object(Config\Cache), false)
 7 FCPATH\index.php(79): CodeIgniter\CodeIgniter->run()
 8 SYSTEMPATH\Commands\Server\rewrite.php(47): require_once('C:\\Users\\jj190\\OneDrive\\Escritorio\\eneba2.0\\public\\index.php')
CRITICAL - 2023-11-27 08:54:22 --> Undefined variable $Juego
in APPPATH\Views\Juegos\mostrar.php on line 100.
 1 APPPATH\Views\Juegos\mostrar.php(100): CodeIgniter\Debug\Exceptions->errorHandler(2, 'Undefined variable $Juego', 'C:\\Users\\jj190\\OneDrive\\Escritorio\\eneba2.0\\app\\Views\\Juegos\\mostrar.php', 100)
 2 SYSTEMPATH\View\View.php(226): include('C:\\Users\\jj190\\OneDrive\\Escritorio\\eneba2.0\\app\\Views\\Juegos\\mostrar.php')
 3 SYSTEMPATH\View\View.php(229): CodeIgniter\View\View->CodeIgniter\View\{closure}()
 4 SYSTEMPATH\Common.php(1188): CodeIgniter\View\View->render('Juegos/mostrar', [], true)
 5 APPPATH\Controllers\Juego.php(20): view('Juegos/mostrar', [...])
 6 SYSTEMPATH\CodeIgniter.php(919): App\Controllers\Juego->mostrar()
 7 SYSTEMPATH\CodeIgniter.php(494): CodeIgniter\CodeIgniter->runController(Object(App\Controllers\Juego))
 8 SYSTEMPATH\CodeIgniter.php(353): CodeIgniter\CodeIgniter->handleRequest(null, Object(Config\Cache), false)
 9 FCPATH\index.php(79): CodeIgniter\CodeIgniter->run()
10 SYSTEMPATH\Commands\Server\rewrite.php(47): require_once('C:\\Users\\jj190\\OneDrive\\Escritorio\\eneba2.0\\public\\index.php')
CRITICAL - 2023-11-27 08:54:36 --> Undefined variable $Juego
in APPPATH\Views\Juegos\mostrar.php on line 100.
 1 APPPATH\Views\Juegos\mostrar.php(100): CodeIgniter\Debug\Exceptions->errorHandler(2, 'Undefined variable $Juego', 'C:\\Users\\jj190\\OneDrive\\Escritorio\\eneba2.0\\app\\Views\\Juegos\\mostrar.php', 100)
 2 SYSTEMPATH\View\View.php(226): include('C:\\Users\\jj190\\OneDrive\\Escritorio\\eneba2.0\\app\\Views\\Juegos\\mostrar.php')
 3 SYSTEMPATH\View\View.php(229): CodeIgniter\View\View->CodeIgniter\View\{closure}()
 4 SYSTEMPATH\Common.php(1188): CodeIgniter\View\View->render('Juegos/mostrar', [], true)
 5 APPPATH\Controllers\Juego.php(20): view('Juegos/mostrar', [...])
 6 SYSTEMPATH\CodeIgniter.php(919): App\Controllers\Juego->mostrar()
 7 SYSTEMPATH\CodeIgniter.php(494): CodeIgniter\CodeIgniter->runController(Object(App\Controllers\Juego))
 8 SYSTEMPATH\CodeIgniter.php(353): CodeIgniter\CodeIgniter->handleRequest(null, Object(Config\Cache), false)
 9 FCPATH\index.php(79): CodeIgniter\CodeIgniter->run()
10 SYSTEMPATH\Commands\Server\rewrite.php(47): require_once('C:\\Users\\jj190\\OneDrive\\Escritorio\\eneba2.0\\public\\index.php')
CRITICAL - 2023-11-27 08:55:09 --> syntax error, unexpected double-quoted string ">", expecting "," or ";"
in APPPATH\Views\Juegos\mostrar.php on line 101.
 1 SYSTEMPATH\View\View.php(229): CodeIgniter\View\View->CodeIgniter\View\{closure}()
 2 SYSTEMPATH\Common.php(1188): CodeIgniter\View\View->render('Juegos/mostrar', [], true)
 3 APPPATH\Controllers\Juego.php(20): view('Juegos/mostrar', [...])
 4 SYSTEMPATH\CodeIgniter.php(919): App\Controllers\Juego->mostrar()
 5 SYSTEMPATH\CodeIgniter.php(494): CodeIgniter\CodeIgniter->runController(Object(App\Controllers\Juego))
 6 SYSTEMPATH\CodeIgniter.php(353): CodeIgniter\CodeIgniter->handleRequest(null, Object(Config\Cache), false)
 7 FCPATH\index.php(79): CodeIgniter\CodeIgniter->run()
 8 SYSTEMPATH\Commands\Server\rewrite.php(47): require_once('C:\\Users\\jj190\\OneDrive\\Escritorio\\eneba2.0\\public\\index.php')
CRITICAL - 2023-11-27 08:55:16 --> syntax error, unexpected identifier "https"
in APPPATH\Views\Juegos\mostrar.php on line 101.
 1 SYSTEMPATH\View\View.php(229): CodeIgniter\View\View->CodeIgniter\View\{closure}()
 2 SYSTEMPATH\Common.php(1188): CodeIgniter\View\View->render('Juegos/mostrar', [], true)
 3 APPPATH\Controllers\Juego.php(20): view('Juegos/mostrar', [...])
 4 SYSTEMPATH\CodeIgniter.php(919): App\Controllers\Juego->mostrar()
 5 SYSTEMPATH\CodeIgniter.php(494): CodeIgniter\CodeIgniter->runController(Object(App\Controllers\Juego))
 6 SYSTEMPATH\CodeIgniter.php(353): CodeIgniter\CodeIgniter->handleRequest(null, Object(Config\Cache), false)
 7 FCPATH\index.php(79): CodeIgniter\CodeIgniter->run()
 8 SYSTEMPATH\Commands\Server\rewrite.php(47): require_once('C:\\Users\\jj190\\OneDrive\\Escritorio\\eneba2.0\\public\\index.php')
CRITICAL - 2023-11-27 09:41:51 --> Too few arguments to function App\Controllers\Juego::editar(), 0 passed in C:\Users\jj190\OneDrive\Escritorio\eneba2.0\system\CodeIgniter.php on line 919 and exactly 1 expected
in APPPATH\Controllers\Juego.php on line 90.
 1 SYSTEMPATH\CodeIgniter.php(919): App\Controllers\Juego->editar()
 2 SYSTEMPATH\CodeIgniter.php(494): CodeIgniter\CodeIgniter->runController(Object(App\Controllers\Juego))
 3 SYSTEMPATH\CodeIgniter.php(353): CodeIgniter\CodeIgniter->handleRequest(null, Object(Config\Cache), false)
 4 FCPATH\index.php(79): CodeIgniter\CodeIgniter->run()
 5 SYSTEMPATH\Commands\Server\rewrite.php(47): require_once('C:\\Users\\jj190\\OneDrive\\Escritorio\\eneba2.0\\public\\index.php')
CRITICAL - 2023-11-27 09:51:38 --> Too few arguments to function App\Controllers\Juego::editar(), 0 passed in C:\Users\jj190\OneDrive\Escritorio\eneba2.0\system\CodeIgniter.php on line 919 and exactly 1 expected
in APPPATH\Controllers\Juego.php on line 90.
 1 SYSTEMPATH\CodeIgniter.php(919): App\Controllers\Juego->editar()
 2 SYSTEMPATH\CodeIgniter.php(494): CodeIgniter\CodeIgniter->runController(Object(App\Controllers\Juego))
 3 SYSTEMPATH\CodeIgniter.php(353): CodeIgniter\CodeIgniter->handleRequest(null, Object(Config\Cache), false)
 4 FCPATH\index.php(79): CodeIgniter\CodeIgniter->run()
 5 SYSTEMPATH\Commands\Server\rewrite.php(47): require_once('C:\\Users\\jj190\\OneDrive\\Escritorio\\eneba2.0\\public\\index.php')
CRITICAL - 2023-11-27 09:51:39 --> Too few arguments to function App\Controllers\Juego::editar(), 0 passed in C:\Users\jj190\OneDrive\Escritorio\eneba2.0\system\CodeIgniter.php on line 919 and exactly 1 expected
in APPPATH\Controllers\Juego.php on line 90.
 1 SYSTEMPATH\CodeIgniter.php(919): App\Controllers\Juego->editar()
 2 SYSTEMPATH\CodeIgniter.php(494): CodeIgniter\CodeIgniter->runController(Object(App\Controllers\Juego))
 3 SYSTEMPATH\CodeIgniter.php(353): CodeIgniter\CodeIgniter->handleRequest(null, Object(Config\Cache), false)
 4 FCPATH\index.php(79): CodeIgniter\CodeIgniter->run()
 5 SYSTEMPATH\Commands\Server\rewrite.php(47): require_once('C:\\Users\\jj190\\OneDrive\\Escritorio\\eneba2.0\\public\\index.php')
CRITICAL - 2023-11-27 10:01:13 --> Too few arguments to function App\Controllers\Juego::editar(), 0 passed in C:\Users\jj190\OneDrive\Escritorio\eneba2.0\system\CodeIgniter.php on line 919 and exactly 1 expected
in APPPATH\Controllers\Juego.php on line 90.
 1 SYSTEMPATH\CodeIgniter.php(919): App\Controllers\Juego->editar()
 2 SYSTEMPATH\CodeIgniter.php(494): CodeIgniter\CodeIgniter->runController(Object(App\Controllers\Juego))
 3 SYSTEMPATH\CodeIgniter.php(353): CodeIgniter\CodeIgniter->handleRequest(null, Object(Config\Cache), false)
 4 FCPATH\index.php(79): CodeIgniter\CodeIgniter->run()
 5 SYSTEMPATH\Commands\Server\rewrite.php(47): require_once('C:\\Users\\jj190\\OneDrive\\Escritorio\\eneba2.0\\public\\index.php')
CRITICAL - 2023-11-27 10:03:27 --> Too few arguments to function App\Controllers\Juego::editar(), 0 passed in C:\Users\jj190\OneDrive\Escritorio\eneba2.0\system\CodeIgniter.php on line 919 and exactly 1 expected
in APPPATH\Controllers\Juego.php on line 90.
 1 SYSTEMPATH\CodeIgniter.php(919): App\Controllers\Juego->editar()
 2 SYSTEMPATH\CodeIgniter.php(494): CodeIgniter\CodeIgniter->runController(Object(App\Controllers\Juego))
 3 SYSTEMPATH\CodeIgniter.php(353): CodeIgniter\CodeIgniter->handleRequest(null, Object(Config\Cache), false)
 4 FCPATH\index.php(79): CodeIgniter\CodeIgniter->run()
 5 SYSTEMPATH\Commands\Server\rewrite.php(47): require_once('C:\\Users\\jj190\\OneDrive\\Escritorio\\eneba2.0\\public\\index.php')
CRITICAL - 2023-11-27 10:03:27 --> Too few arguments to function App\Controllers\Juego::editar(), 0 passed in C:\Users\jj190\OneDrive\Escritorio\eneba2.0\system\CodeIgniter.php on line 919 and exactly 1 expected
in APPPATH\Controllers\Juego.php on line 90.
 1 SYSTEMPATH\CodeIgniter.php(919): App\Controllers\Juego->editar()
 2 SYSTEMPATH\CodeIgniter.php(494): CodeIgniter\CodeIgniter->runController(Object(App\Controllers\Juego))
 3 SYSTEMPATH\CodeIgniter.php(353): CodeIgniter\CodeIgniter->handleRequest(null, Object(Config\Cache), false)
 4 FCPATH\index.php(79): CodeIgniter\CodeIgniter->run()
 5 SYSTEMPATH\Commands\Server\rewrite.php(47): require_once('C:\\Users\\jj190\\OneDrive\\Escritorio\\eneba2.0\\public\\index.php')
