CRITICAL - 2023-11-29 00:04:34 --> Undefined variable $Juegos
in APPPATH\Views\Juegos\mostrar.php on line 101.
 1 APPPATH\Views\Juegos\mostrar.php(101): CodeIgniter\Debug\Exceptions->errorHandler(2, 'Undefined variable $Juegos', 'C:\\Users\\jj190\\OneDrive\\Escritorio\\eneba2.0\\app\\Views\\Juegos\\mostrar.php', 101)
 2 SYSTEMPATH\View\View.php(226): include('C:\\Users\\jj190\\OneDrive\\Escritorio\\eneba2.0\\app\\Views\\Juegos\\mostrar.php')
 3 SYSTEMPATH\View\View.php(229): CodeIgniter\View\View->CodeIgniter\View\{closure}()
 4 SYSTEMPATH\Common.php(1188): CodeIgniter\View\View->render('Juegos/mostrar', [], true)
 5 APPPATH\Controllers\Juego.php(20): view('Juegos/mostrar', [...])
 6 SYSTEMPATH\CodeIgniter.php(919): App\Controllers\Juego->mostrar()
 7 SYSTEMPATH\CodeIgniter.php(494): CodeIgniter\CodeIgniter->runController(Object(App\Controllers\Juego))
 8 SYSTEMPATH\CodeIgniter.php(353): CodeIgniter\CodeIgniter->handleRequest(null, Object(Config\Cache), false)
 9 FCPATH\index.php(79): CodeIgniter\CodeIgniter->run()
10 SYSTEMPATH\Commands\Server\rewrite.php(47): require_once('C:\\Users\\jj190\\OneDrive\\Escritorio\\eneba2.0\\public\\index.php')
CRITICAL - 2023-11-29 00:04:56 --> Undefined property: stdClass::$idJuego
in APPPATH\Views\Juegos\mostrar.php on line 101.
 1 APPPATH\Views\Juegos\mostrar.php(101): CodeIgniter\Debug\Exceptions->errorHandler(2, 'Undefined property: stdClass::$idJuego', 'C:\\Users\\jj190\\OneDrive\\Escritorio\\eneba2.0\\app\\Views\\Juegos\\mostrar.php', 101)
 2 SYSTEMPATH\View\View.php(226): include('C:\\Users\\jj190\\OneDrive\\Escritorio\\eneba2.0\\app\\Views\\Juegos\\mostrar.php')
 3 SYSTEMPATH\View\View.php(229): CodeIgniter\View\View->CodeIgniter\View\{closure}()
 4 SYSTEMPATH\Common.php(1188): CodeIgniter\View\View->render('Juegos/mostrar', [], true)
 5 APPPATH\Controllers\Juego.php(20): view('Juegos/mostrar', [...])
 6 SYSTEMPATH\CodeIgniter.php(919): App\Controllers\Juego->mostrar()
 7 SYSTEMPATH\CodeIgniter.php(494): CodeIgniter\CodeIgniter->runController(Object(App\Controllers\Juego))
 8 SYSTEMPATH\CodeIgniter.php(353): CodeIgniter\CodeIgniter->handleRequest(null, Object(Config\Cache), false)
 9 FCPATH\index.php(79): CodeIgniter\CodeIgniter->run()
10 SYSTEMPATH\Commands\Server\rewrite.php(47): require_once('C:\\Users\\jj190\\OneDrive\\Escritorio\\eneba2.0\\public\\index.php')
CRITICAL - 2023-11-29 00:05:05 --> Undefined property: stdClass::$idJuego
in APPPATH\Views\Juegos\mostrar.php on line 101.
 1 APPPATH\Views\Juegos\mostrar.php(101): CodeIgniter\Debug\Exceptions->errorHandler(2, 'Undefined property: stdClass::$idJuego', 'C:\\Users\\jj190\\OneDrive\\Escritorio\\eneba2.0\\app\\Views\\Juegos\\mostrar.php', 101)
 2 SYSTEMPATH\View\View.php(226): include('C:\\Users\\jj190\\OneDrive\\Escritorio\\eneba2.0\\app\\Views\\Juegos\\mostrar.php')
 3 SYSTEMPATH\View\View.php(229): CodeIgniter\View\View->CodeIgniter\View\{closure}()
 4 SYSTEMPATH\Common.php(1188): CodeIgniter\View\View->render('Juegos/mostrar', [], true)
 5 APPPATH\Controllers\Juego.php(20): view('Juegos/mostrar', [...])
 6 SYSTEMPATH\CodeIgniter.php(919): App\Controllers\Juego->mostrar()
 7 SYSTEMPATH\CodeIgniter.php(494): CodeIgniter\CodeIgniter->runController(Object(App\Controllers\Juego))
 8 SYSTEMPATH\CodeIgniter.php(353): CodeIgniter\CodeIgniter->handleRequest(null, Object(Config\Cache), false)
 9 FCPATH\index.php(79): CodeIgniter\CodeIgniter->run()
10 SYSTEMPATH\Commands\Server\rewrite.php(47): require_once('C:\\Users\\jj190\\OneDrive\\Escritorio\\eneba2.0\\public\\index.php')
CRITICAL - 2023-11-29 00:18:50 --> Undefined variable $games
in APPPATH\Views\Juegos\ver.php on line 114.
 1 APPPATH\Views\Juegos\ver.php(114): CodeIgniter\Debug\Exceptions->errorHandler(2, 'Undefined variable $games', 'C:\\Users\\jj190\\OneDrive\\Escritorio\\eneba2.0\\app\\Views\\Juegos\\ver.php', 114)
 2 SYSTEMPATH\View\View.php(226): include('C:\\Users\\jj190\\OneDrive\\Escritorio\\eneba2.0\\app\\Views\\Juegos\\ver.php')
 3 SYSTEMPATH\View\View.php(229): CodeIgniter\View\View->CodeIgniter\View\{closure}()
 4 SYSTEMPATH\Common.php(1188): CodeIgniter\View\View->render('Juegos/ver', [], true)
 5 APPPATH\Controllers\Juego.php(29): view('Juegos/ver', [...])
 6 SYSTEMPATH\CodeIgniter.php(919): App\Controllers\Juego->ver('1')
 7 SYSTEMPATH\CodeIgniter.php(494): CodeIgniter\CodeIgniter->runController(Object(App\Controllers\Juego))
 8 SYSTEMPATH\CodeIgniter.php(353): CodeIgniter\CodeIgniter->handleRequest(null, Object(Config\Cache), false)
 9 FCPATH\index.php(79): CodeIgniter\CodeIgniter->run()
10 SYSTEMPATH\Commands\Server\rewrite.php(47): require_once('C:\\Users\\jj190\\OneDrive\\Escritorio\\eneba2.0\\public\\index.php')
CRITICAL - 2023-11-29 00:19:54 --> Undefined property: stdClass::$idJuego
in APPPATH\Views\Juegos\ver.php on line 114.
 1 APPPATH\Views\Juegos\ver.php(114): CodeIgniter\Debug\Exceptions->errorHandler(2, 'Undefined property: stdClass::$idJuego', 'C:\\Users\\jj190\\OneDrive\\Escritorio\\eneba2.0\\app\\Views\\Juegos\\ver.php', 114)
 2 SYSTEMPATH\View\View.php(226): include('C:\\Users\\jj190\\OneDrive\\Escritorio\\eneba2.0\\app\\Views\\Juegos\\ver.php')
 3 SYSTEMPATH\View\View.php(229): CodeIgniter\View\View->CodeIgniter\View\{closure}()
 4 SYSTEMPATH\Common.php(1188): CodeIgniter\View\View->render('Juegos/ver', [], true)
 5 APPPATH\Controllers\Juego.php(29): view('Juegos/ver', [...])
 6 SYSTEMPATH\CodeIgniter.php(919): App\Controllers\Juego->ver('1')
 7 SYSTEMPATH\CodeIgniter.php(494): CodeIgniter\CodeIgniter->runController(Object(App\Controllers\Juego))
 8 SYSTEMPATH\CodeIgniter.php(353): CodeIgniter\CodeIgniter->handleRequest(null, Object(Config\Cache), false)
 9 FCPATH\index.php(79): CodeIgniter\CodeIgniter->run()
10 SYSTEMPATH\Commands\Server\rewrite.php(47): require_once('C:\\Users\\jj190\\OneDrive\\Escritorio\\eneba2.0\\public\\index.php')
CRITICAL - 2023-11-29 00:20:06 --> Undefined property: stdClass::$id
in APPPATH\Views\Juegos\ver.php on line 114.
 1 APPPATH\Views\Juegos\ver.php(114): CodeIgniter\Debug\Exceptions->errorHandler(2, 'Undefined property: stdClass::$id', 'C:\\Users\\jj190\\OneDrive\\Escritorio\\eneba2.0\\app\\Views\\Juegos\\ver.php', 114)
 2 SYSTEMPATH\View\View.php(226): include('C:\\Users\\jj190\\OneDrive\\Escritorio\\eneba2.0\\app\\Views\\Juegos\\ver.php')
 3 SYSTEMPATH\View\View.php(229): CodeIgniter\View\View->CodeIgniter\View\{closure}()
 4 SYSTEMPATH\Common.php(1188): CodeIgniter\View\View->render('Juegos/ver', [], true)
 5 APPPATH\Controllers\Juego.php(29): view('Juegos/ver', [...])
 6 SYSTEMPATH\CodeIgniter.php(919): App\Controllers\Juego->ver('1')
 7 SYSTEMPATH\CodeIgniter.php(494): CodeIgniter\CodeIgniter->runController(Object(App\Controllers\Juego))
 8 SYSTEMPATH\CodeIgniter.php(353): CodeIgniter\CodeIgniter->handleRequest(null, Object(Config\Cache), false)
 9 FCPATH\index.php(79): CodeIgniter\CodeIgniter->run()
10 SYSTEMPATH\Commands\Server\rewrite.php(47): require_once('C:\\Users\\jj190\\OneDrive\\Escritorio\\eneba2.0\\public\\index.php')
CRITICAL - 2023-11-29 00:20:10 --> Undefined property: stdClass::$idJuego
in APPPATH\Views\Juegos\ver.php on line 114.
 1 APPPATH\Views\Juegos\ver.php(114): CodeIgniter\Debug\Exceptions->errorHandler(2, 'Undefined property: stdClass::$idJuego', 'C:\\Users\\jj190\\OneDrive\\Escritorio\\eneba2.0\\app\\Views\\Juegos\\ver.php', 114)
 2 SYSTEMPATH\View\View.php(226): include('C:\\Users\\jj190\\OneDrive\\Escritorio\\eneba2.0\\app\\Views\\Juegos\\ver.php')
 3 SYSTEMPATH\View\View.php(229): CodeIgniter\View\View->CodeIgniter\View\{closure}()
 4 SYSTEMPATH\Common.php(1188): CodeIgniter\View\View->render('Juegos/ver', [], true)
 5 APPPATH\Controllers\Juego.php(29): view('Juegos/ver', [...])
 6 SYSTEMPATH\CodeIgniter.php(919): App\Controllers\Juego->ver('1')
 7 SYSTEMPATH\CodeIgniter.php(494): CodeIgniter\CodeIgniter->runController(Object(App\Controllers\Juego))
 8 SYSTEMPATH\CodeIgniter.php(353): CodeIgniter\CodeIgniter->handleRequest(null, Object(Config\Cache), false)
 9 FCPATH\index.php(79): CodeIgniter\CodeIgniter->run()
10 SYSTEMPATH\Commands\Server\rewrite.php(47): require_once('C:\\Users\\jj190\\OneDrive\\Escritorio\\eneba2.0\\public\\index.php')
CRITICAL - 2023-11-29 00:20:25 --> Undefined property: stdClass::$idJuego
in APPPATH\Views\Juegos\ver.php on line 114.
 1 APPPATH\Views\Juegos\ver.php(114): CodeIgniter\Debug\Exceptions->errorHandler(2, 'Undefined property: stdClass::$idJuego', 'C:\\Users\\jj190\\OneDrive\\Escritorio\\eneba2.0\\app\\Views\\Juegos\\ver.php', 114)
 2 SYSTEMPATH\View\View.php(226): include('C:\\Users\\jj190\\OneDrive\\Escritorio\\eneba2.0\\app\\Views\\Juegos\\ver.php')
 3 SYSTEMPATH\View\View.php(229): CodeIgniter\View\View->CodeIgniter\View\{closure}()
 4 SYSTEMPATH\Common.php(1188): CodeIgniter\View\View->render('Juegos/ver', [], true)
 5 APPPATH\Controllers\Juego.php(29): view('Juegos/ver', [...])
 6 SYSTEMPATH\CodeIgniter.php(919): App\Controllers\Juego->ver('1')
 7 SYSTEMPATH\CodeIgniter.php(494): CodeIgniter\CodeIgniter->runController(Object(App\Controllers\Juego))
 8 SYSTEMPATH\CodeIgniter.php(353): CodeIgniter\CodeIgniter->handleRequest(null, Object(Config\Cache), false)
 9 FCPATH\index.php(79): CodeIgniter\CodeIgniter->run()
10 SYSTEMPATH\Commands\Server\rewrite.php(47): require_once('C:\\Users\\jj190\\OneDrive\\Escritorio\\eneba2.0\\public\\index.php')
CRITICAL - 2023-11-29 00:20:27 --> Undefined property: stdClass::$idJuego
in APPPATH\Views\Juegos\ver.php on line 114.
 1 APPPATH\Views\Juegos\ver.php(114): CodeIgniter\Debug\Exceptions->errorHandler(2, 'Undefined property: stdClass::$idJuego', 'C:\\Users\\jj190\\OneDrive\\Escritorio\\eneba2.0\\app\\Views\\Juegos\\ver.php', 114)
 2 SYSTEMPATH\View\View.php(226): include('C:\\Users\\jj190\\OneDrive\\Escritorio\\eneba2.0\\app\\Views\\Juegos\\ver.php')
 3 SYSTEMPATH\View\View.php(229): CodeIgniter\View\View->CodeIgniter\View\{closure}()
 4 SYSTEMPATH\Common.php(1188): CodeIgniter\View\View->render('Juegos/ver', [], true)
 5 APPPATH\Controllers\Juego.php(29): view('Juegos/ver', [...])
 6 SYSTEMPATH\CodeIgniter.php(919): App\Controllers\Juego->ver('1')
 7 SYSTEMPATH\CodeIgniter.php(494): CodeIgniter\CodeIgniter->runController(Object(App\Controllers\Juego))
 8 SYSTEMPATH\CodeIgniter.php(353): CodeIgniter\CodeIgniter->handleRequest(null, Object(Config\Cache), false)
 9 FCPATH\index.php(79): CodeIgniter\CodeIgniter->run()
10 SYSTEMPATH\Commands\Server\rewrite.php(47): require_once('C:\\Users\\jj190\\OneDrive\\Escritorio\\eneba2.0\\public\\index.php')
CRITICAL - 2023-11-29 00:31:27 --> Cannot use object of type stdClass as array
in APPPATH\Views\Juegos\ver.php on line 118.
 1 SYSTEMPATH\View\View.php(226): include()
 2 SYSTEMPATH\View\View.php(229): CodeIgniter\View\View->CodeIgniter\View\{closure}()
 3 SYSTEMPATH\Common.php(1188): CodeIgniter\View\View->render('Juegos/ver', [], true)
 4 APPPATH\Controllers\Juego.php(29): view('Juegos/ver', [...])
 5 SYSTEMPATH\CodeIgniter.php(919): App\Controllers\Juego->ver('1')
 6 SYSTEMPATH\CodeIgniter.php(494): CodeIgniter\CodeIgniter->runController(Object(App\Controllers\Juego))
 7 SYSTEMPATH\CodeIgniter.php(353): CodeIgniter\CodeIgniter->handleRequest(null, Object(Config\Cache), false)
 8 FCPATH\index.php(79): CodeIgniter\CodeIgniter->run()
 9 SYSTEMPATH\Commands\Server\rewrite.php(47): require_once('C:\\Users\\jj190\\OneDrive\\Escritorio\\eneba2.0\\public\\index.php')
CRITICAL - 2023-11-29 00:31:34 --> Cannot use object of type stdClass as array
in APPPATH\Views\Juegos\ver.php on line 118.
 1 SYSTEMPATH\View\View.php(226): include()
 2 SYSTEMPATH\View\View.php(229): CodeIgniter\View\View->CodeIgniter\View\{closure}()
 3 SYSTEMPATH\Common.php(1188): CodeIgniter\View\View->render('Juegos/ver', [], true)
 4 APPPATH\Controllers\Juego.php(29): view('Juegos/ver', [...])
 5 SYSTEMPATH\CodeIgniter.php(919): App\Controllers\Juego->ver('1')
 6 SYSTEMPATH\CodeIgniter.php(494): CodeIgniter\CodeIgniter->runController(Object(App\Controllers\Juego))
 7 SYSTEMPATH\CodeIgniter.php(353): CodeIgniter\CodeIgniter->handleRequest(null, Object(Config\Cache), false)
 8 FCPATH\index.php(79): CodeIgniter\CodeIgniter->run()
 9 SYSTEMPATH\Commands\Server\rewrite.php(47): require_once('C:\\Users\\jj190\\OneDrive\\Escritorio\\eneba2.0\\public\\index.php')
CRITICAL - 2023-11-29 02:45:19 --> Cannot use object of type stdClass as array
in APPPATH\Views\Juegos\ver.php on line 118.
 1 SYSTEMPATH\View\View.php(226): include()
 2 SYSTEMPATH\View\View.php(229): CodeIgniter\View\View->CodeIgniter\View\{closure}()
 3 SYSTEMPATH\Common.php(1188): CodeIgniter\View\View->render('Juegos/ver', [], true)
 4 APPPATH\Controllers\Juego.php(29): view('Juegos/ver', [...])
 5 SYSTEMPATH\CodeIgniter.php(919): App\Controllers\Juego->ver('1')
 6 SYSTEMPATH\CodeIgniter.php(494): CodeIgniter\CodeIgniter->runController(Object(App\Controllers\Juego))
 7 SYSTEMPATH\CodeIgniter.php(353): CodeIgniter\CodeIgniter->handleRequest(null, Object(Config\Cache), false)
 8 FCPATH\index.php(79): CodeIgniter\CodeIgniter->run()
 9 SYSTEMPATH\Commands\Server\rewrite.php(47): require_once('C:\\Users\\jj190\\OneDrive\\Escritorio\\eneba2.0\\public\\index.php')
CRITICAL - 2023-11-29 02:45:20 --> Cannot use object of type stdClass as array
in APPPATH\Views\Juegos\ver.php on line 118.
 1 SYSTEMPATH\View\View.php(226): include()
 2 SYSTEMPATH\View\View.php(229): CodeIgniter\View\View->CodeIgniter\View\{closure}()
 3 SYSTEMPATH\Common.php(1188): CodeIgniter\View\View->render('Juegos/ver', [], true)
 4 APPPATH\Controllers\Juego.php(29): view('Juegos/ver', [...])
 5 SYSTEMPATH\CodeIgniter.php(919): App\Controllers\Juego->ver('1')
 6 SYSTEMPATH\CodeIgniter.php(494): CodeIgniter\CodeIgniter->runController(Object(App\Controllers\Juego))
 7 SYSTEMPATH\CodeIgniter.php(353): CodeIgniter\CodeIgniter->handleRequest(null, Object(Config\Cache), false)
 8 FCPATH\index.php(79): CodeIgniter\CodeIgniter->run()
 9 SYSTEMPATH\Commands\Server\rewrite.php(47): require_once('C:\\Users\\jj190\\OneDrive\\Escritorio\\eneba2.0\\public\\index.php')
