CRITICAL - 2023-11-09 17:26:16 --> Invalid file: "Juegos/agregarjuego.php"
in SYSTEMPATH\Exceptions\FrameworkException.php on line 39.
 1 SYSTEMPATH\View\View.php(214): CodeIgniter\Exceptions\FrameworkException::forInvalidFile('Juegos/agregarjuego.php')
 2 SYSTEMPATH\Common.php(1188): CodeIgniter\View\View->render('Juegos/agregarjuego', [], true)
 3 APPPATH\Controllers\juegoController.php(68): view('Juegos/agregarjuego')
 4 SYSTEMPATH\CodeIgniter.php(919): App\Controllers\juegoController->agregarjuego()
 5 SYSTEMPATH\CodeIgniter.php(494): CodeIgniter\CodeIgniter->runController(Object(App\Controllers\juegoController))
 6 SYSTEMPATH\CodeIgniter.php(353): CodeIgniter\CodeIgniter->handleRequest(null, Object(Config\Cache), false)
 7 FCPATH\index.php(79): CodeIgniter\CodeIgniter->run()
 8 SYSTEMPATH\Commands\Server\rewrite.php(47): require_once('C:\\Users\\jj190\\OneDrive\\Escritorio\\eneba2.0\\public\\index.php')
CRITICAL - 2023-11-09 17:26:52 --> Invalid file: "Juegos/agregarjuego.php"
in SYSTEMPATH\Exceptions\FrameworkException.php on line 39.
 1 SYSTEMPATH\View\View.php(214): CodeIgniter\Exceptions\FrameworkException::forInvalidFile('Juegos/agregarjuego.php')
 2 SYSTEMPATH\Common.php(1188): CodeIgniter\View\View->render('Juegos/agregarjuego', [], true)
 3 APPPATH\Controllers\juegoController.php(68): view('Juegos/agregarjuego')
 4 SYSTEMPATH\CodeIgniter.php(919): App\Controllers\juegoController->agregarjuego()
 5 SYSTEMPATH\CodeIgniter.php(494): CodeIgniter\CodeIgniter->runController(Object(App\Controllers\juegoController))
 6 SYSTEMPATH\CodeIgniter.php(353): CodeIgniter\CodeIgniter->handleRequest(null, Object(Config\Cache), false)
 7 FCPATH\index.php(79): CodeIgniter\CodeIgniter->run()
 8 SYSTEMPATH\Commands\Server\rewrite.php(47): require_once('C:\\Users\\jj190\\OneDrive\\Escritorio\\eneba2.0\\public\\index.php')
CRITICAL - 2023-11-09 17:27:00 --> Invalid file: "Juegos/agregarjuego.php"
in SYSTEMPATH\Exceptions\FrameworkException.php on line 39.
 1 SYSTEMPATH\View\View.php(214): CodeIgniter\Exceptions\FrameworkException::forInvalidFile('Juegos/agregarjuego.php')
 2 SYSTEMPATH\Common.php(1188): CodeIgniter\View\View->render('Juegos/agregarjuego', [], true)
 3 APPPATH\Controllers\juegoController.php(68): view('Juegos/agregarjuego')
 4 SYSTEMPATH\CodeIgniter.php(919): App\Controllers\juegoController->agregarjuego()
 5 SYSTEMPATH\CodeIgniter.php(494): CodeIgniter\CodeIgniter->runController(Object(App\Controllers\juegoController))
 6 SYSTEMPATH\CodeIgniter.php(353): CodeIgniter\CodeIgniter->handleRequest(null, Object(Config\Cache), false)
 7 FCPATH\index.php(79): CodeIgniter\CodeIgniter->run()
 8 SYSTEMPATH\Commands\Server\rewrite.php(47): require_once('C:\\Users\\jj190\\OneDrive\\Escritorio\\eneba2.0\\public\\index.php')
